TN:
SF:src/App.tsx
FN:10,AppToaster
FN:42,App
FNF:2
FNH:2
FNDA:1,AppToaster
FNDA:1,App
DA:11,1
DA:13,1
DA:43,1
LF:3
LH:3
BRDA:21,0,0,0
BRDA:21,0,1,1
BRDA:22,1,0,0
BRDA:22,1,1,1
BRDA:23,2,0,0
BRDA:23,2,1,1
BRDA:28,3,0,0
BRDA:28,3,1,1
BRDA:34,4,0,0
BRDA:34,4,1,1
BRF:10
BRH:5
end_of_record
TN:
SF:src/components/ErrorBoundary.tsx
FN:15,constructor
FN:20,getDerivedStateFromError
FN:24,componentDidCatch
FN:28,(anonymous_3)
FN:32,render
FNF:5
FNH:4
FNDA:7,constructor
FNDA:6,getDerivedStateFromError
FNDA:2,componentDidCatch
FNDA:0,(anonymous_3)
FNDA:10,render
DA:16,7
DA:17,7
DA:21,4
DA:25,2
DA:28,0
DA:29,0
DA:33,10
DA:34,4
DA:35,2
DA:38,2
DA:47,6
LF:11
LH:9
BRDA:33,0,0,4
BRDA:33,0,1,6
BRDA:34,1,0,2
BRDA:34,1,1,2
BRDA:41,2,0,2
BRDA:41,2,1,0
BRF:6
BRH:5
end_of_record
TN:
SF:src/components/auth/ProtectedRoute.tsx
FN:10,ProtectedRoute
FNF:1
FNH:1
FNDA:4,ProtectedRoute
DA:11,4
DA:13,4
DA:14,2
DA:21,2
DA:22,1
DA:25,1
LF:6
LH:6
BRDA:13,0,0,2
BRDA:13,0,1,2
BRDA:21,1,0,1
BRDA:21,1,1,1
BRF:4
BRH:4
end_of_record
TN:
SF:src/components/categories/CategoryForm.tsx
FN:26,CategoryForm
FN:55,(anonymous_1)
FN:57,(anonymous_2)
FN:88,(anonymous_3)
FN:96,(anonymous_4)
FNF:5
FNH:4
FNDA:19,CategoryForm
FNDA:380,(anonymous_1)
FNDA:513,(anonymous_2)
FNDA:304,(anonymous_3)
FNDA:0,(anonymous_4)
DA:10,4
DA:38,19
DA:48,19
DA:50,19
DA:55,380
DA:57,513
DA:60,19
DA:89,304
DA:96,0
LF:9
LH:8
BRDA:30,0,0,19
BRDA:41,1,0,19
BRDA:41,1,1,13
BRDA:42,2,0,19
BRDA:42,2,1,13
BRDA:43,3,0,19
BRDA:43,3,1,13
BRDA:44,4,0,19
BRDA:44,4,1,13
BRDA:69,5,0,19
BRDA:69,5,1,13
BRDA:93,6,0,19
BRDA:93,6,1,285
BRDA:101,7,0,19
BRDA:101,7,1,0
BRDA:109,8,0,6
BRDA:109,8,1,13
BRF:17
BRH:16
end_of_record
TN:
SF:src/components/categories/CategoryList.tsx
FN:14,CategoryList
FN:21,handleUpdate
FN:34,handleDelete
FN:42,(anonymous_3)
FN:63,(anonymous_4)
FN:70,(anonymous_5)
FN:84,(anonymous_6)
FN:91,(anonymous_7)
FN:100,(anonymous_8)
FN:108,(anonymous_9)
FN:114,(anonymous_10)
FNF:11
FNH:8
FNDA:17,CategoryList
FNDA:0,handleUpdate
FNDA:1,handleDelete
FNDA:19,(anonymous_3)
FNDA:2,(anonymous_4)
FNDA:3,(anonymous_5)
FNDA:0,(anonymous_6)
FNDA:1,(anonymous_7)
FNDA:0,(anonymous_8)
FNDA:1,(anonymous_9)
FNDA:1,(anonymous_10)
DA:15,17
DA:16,17
DA:18,17
DA:19,17
DA:22,0
DA:23,0
DA:31,0
DA:35,1
DA:36,1
DA:39,17
DA:43,19
DA:63,2
DA:70,3
DA:84,0
DA:91,1
DA:100,0
DA:108,1
DA:114,1
LF:18
LH:13
BRDA:22,0,0,0
BRDA:22,0,1,0
BRDA:87,1,0,17
BRDA:87,1,1,2
BRDA:114,2,0,1
BRDA:114,2,1,1
BRF:6
BRH:4
end_of_record
TN:
SF:src/components/dashboard/CategoryChart.tsx
FN:9,CategoryChart
FN:39,(anonymous_1)
FN:44,(anonymous_2)
FN:51,(anonymous_3)
FNF:4
FNH:3
FNDA:3,CategoryChart
FNDA:2,(anonymous_1)
FNDA:0,(anonymous_2)
FNDA:2,(anonymous_3)
DA:10,3
DA:11,3
DA:12,3
DA:14,3
DA:16,2
DA:40,2
DA:44,0
DA:52,2
LF:8
LH:7
BRDA:14,0,0,1
BRDA:14,0,1,2
BRDA:19,1,0,1
BRDA:19,1,1,1
BRDA:19,2,0,2
BRDA:19,2,1,2
BRDA:37,3,0,0
BRDA:37,3,1,1
BRF:8
BRH:7
end_of_record
TN:
SF:src/components/dashboard/MonthlyChart.tsx
FN:8,MonthlyChart
FN:17,(anonymous_1)
FN:29,(anonymous_2)
FNF:3
FNH:2
FNDA:3,MonthlyChart
FNDA:2,(anonymous_1)
FNDA:0,(anonymous_2)
DA:9,3
DA:10,3
DA:12,3
DA:14,2
DA:17,2
DA:29,0
LF:6
LH:5
BRDA:12,0,0,1
BRDA:12,0,1,2
BRDA:17,1,0,1
BRDA:17,1,1,1
BRDA:17,2,0,2
BRDA:17,2,1,2
BRDA:17,3,0,2
BRDA:17,3,1,1
BRF:8
BRH:8
end_of_record
TN:
SF:src/components/dashboard/RecentTransactions.tsx
FN:11,RecentTransactions
FN:35,(anonymous_1)
FNF:2
FNH:2
FNDA:3,RecentTransactions
FNDA:1,(anonymous_1)
DA:12,3
DA:13,3
DA:15,3
DA:17,2
DA:36,1
LF:5
LH:5
BRDA:15,0,0,1
BRDA:15,0,1,2
BRDA:29,1,0,1
BRDA:29,1,1,1
BRDA:29,2,0,2
BRDA:29,2,1,2
BRDA:40,3,0,1
BRDA:40,3,1,0
BRDA:55,4,0,0
BRDA:55,4,1,1
BRDA:58,5,0,0
BRDA:58,5,1,1
BRF:12
BRH:9
end_of_record
TN:
SF:src/components/dashboard/StatCard.tsx
FN:12,StatCard
FNF:1
FNH:1
FNDA:13,StatCard
DA:13,13
LF:1
LH:1
BRDA:12,0,0,13
BRDA:31,1,0,13
BRDA:31,1,1,9
BRF:3
BRH:3
end_of_record
TN:
SF:src/components/transactions/TransactionFilters.tsx
FN:11,TransactionFilterBar
FN:16,(anonymous_1)
FN:32,handleSortChange
FN:42,(anonymous_3)
FN:48,(anonymous_4)
FN:54,(anonymous_5)
FN:60,(anonymous_6)
FN:67,(anonymous_7)
FNF:8
FNH:6
FNDA:10,TransactionFilterBar
FNDA:4,(anonymous_1)
FNDA:1,handleSortChange
FNDA:1,(anonymous_3)
FNDA:1,(anonymous_4)
FNDA:0,(anonymous_5)
FNDA:0,(anonymous_6)
FNDA:1,(anonymous_7)
DA:12,10
DA:14,10
DA:16,4
DA:19,10
DA:25,10
DA:33,1
DA:34,1
DA:37,10
DA:42,1
DA:48,1
DA:54,0
DA:60,0
DA:67,1
LF:13
LH:11
BRDA:16,0,0,10
BRDA:16,0,1,0
BRDA:41,1,0,10
BRDA:41,1,1,10
BRDA:47,2,0,10
BRDA:47,2,1,10
BRDA:53,3,0,10
BRDA:53,3,1,10
BRDA:54,4,0,0
BRDA:54,4,1,0
BRDA:59,5,0,10
BRDA:59,5,1,10
BRDA:60,6,0,0
BRDA:60,6,1,0
BRDA:66,7,0,10
BRDA:66,7,1,0
BRDA:66,8,0,10
BRDA:66,8,1,0
BRF:18
BRH:11
end_of_record
TN:
SF:src/components/transactions/TransactionForm.tsx
FN:30,TransactionForm
FN:56,(anonymous_1)
FN:62,(anonymous_2)
FNF:3
FNH:2
FNDA:15,TransactionForm
FNDA:11,(anonymous_1)
FNDA:0,(anonymous_2)
DA:12,4
DA:41,15
DA:53,15
DA:54,15
DA:56,15
DA:61,15
DA:62,0
LF:7
LH:6
BRDA:34,0,0,15
BRDA:44,1,0,15
BRDA:44,1,1,11
BRDA:45,2,0,4
BRDA:45,2,1,11
BRDA:46,3,0,15
BRDA:46,3,1,11
BRDA:47,4,0,15
BRDA:47,4,1,11
BRDA:48,5,0,15
BRDA:48,5,1,11
BRDA:49,6,0,15
BRDA:49,6,1,15
BRDA:56,7,0,15
BRDA:56,7,1,0
BRDA:121,8,0,4
BRDA:121,8,1,11
BRF:17
BRH:16
end_of_record
TN:
SF:src/components/transactions/TransactionList.tsx
FN:17,TransactionList
FN:25,handleUpdate
FN:41,handleDelete
FN:49,(anonymous_3)
FN:85,(anonymous_4)
FN:92,(anonymous_5)
FN:106,(anonymous_6)
FN:113,(anonymous_7)
FN:122,(anonymous_8)
FN:130,(anonymous_9)
FN:136,(anonymous_10)
FNF:11
FNH:7
FNDA:16,TransactionList
FNDA:0,handleUpdate
FNDA:1,handleDelete
FNDA:18,(anonymous_3)
FNDA:1,(anonymous_4)
FNDA:3,(anonymous_5)
FNDA:0,(anonymous_6)
FNDA:0,(anonymous_7)
FNDA:0,(anonymous_8)
FNDA:1,(anonymous_9)
FNDA:1,(anonymous_10)
DA:18,16
DA:19,16
DA:20,16
DA:22,16
DA:23,16
DA:26,0
DA:27,0
DA:38,0
DA:42,1
DA:43,1
DA:46,16
DA:50,18
DA:85,1
DA:92,3
DA:106,0
DA:113,0
DA:122,0
DA:130,1
DA:136,1
LF:19
LH:13
BRDA:26,0,0,0
BRDA:26,0,1,0
BRDA:33,1,0,0
BRDA:33,1,1,0
BRDA:35,2,0,0
BRDA:35,2,1,0
BRDA:53,3,0,18
BRDA:53,3,1,1
BRDA:67,4,0,18
BRDA:67,4,1,17
BRDA:79,5,0,2
BRDA:79,5,1,16
BRDA:82,6,0,2
BRDA:82,6,1,16
BRDA:109,7,0,16
BRDA:109,7,1,1
BRDA:136,8,0,1
BRDA:136,8,1,1
BRF:18
BRH:12
end_of_record
TN:
SF:src/components/ui/Badge.tsx
FN:9,Badge
FNF:1
FNH:1
FNDA:43,Badge
DA:10,43
LF:1
LH:1
BRDA:14,0,0,7
BRDA:14,0,1,36
BRDA:20,1,0,7
BRDA:20,1,1,36
BRF:4
BRH:4
end_of_record
TN:
SF:src/components/ui/Button.tsx
FN:11,Button
FNF:1
FNH:1
FNDA:208,Button
DA:20,208
LF:1
LH:1
BRDA:12,0,0,208
BRDA:13,1,0,208
BRDA:14,2,0,208
BRDA:39,3,0,208
BRDA:39,3,1,206
BRDA:42,4,0,208
BRDA:42,4,1,7
BRF:7
BRH:7
end_of_record
TN:
SF:src/components/ui/Card.tsx
FN:10,Card
FNF:1
FNH:1
FNDA:29,Card
DA:11,29
LF:1
LH:1
BRDA:10,0,0,29
BRDA:15,1,0,29
BRDA:15,1,1,26
BRF:3
BRH:3
end_of_record
TN:
SF:src/components/ui/ConfirmDialog.tsx
FN:18,ConfirmDialog
FNF:1
FNH:1
FNDA:8,ConfirmDialog
DA:29,8
LF:1
LH:1
BRDA:22,0,0,8
BRDA:23,1,0,8
BRDA:24,2,0,8
BRDA:25,3,0,8
BRDA:26,4,0,8
BRDA:27,5,0,8
BRDA:32,6,0,8
BRDA:32,6,1,7
BRDA:44,7,0,7
BRDA:44,7,1,1
BRF:10
BRH:10
end_of_record
TN:
SF:src/components/ui/Dropdown.tsx
FN:12,Dropdown
FN:16,(anonymous_1)
FN:17,handleClickOutside
FN:23,handleEscape
FN:32,(anonymous_4)
FN:40,(anonymous_5)
FN:68,DropdownItem
FNF:7
FNH:7
FNDA:20,Dropdown
FNDA:20,(anonymous_1)
FNDA:2,handleClickOutside
FNDA:1,handleEscape
FNDA:20,(anonymous_4)
FNDA:9,(anonymous_5)
FNDA:8,DropdownItem
DA:13,20
DA:14,20
DA:16,20
DA:18,2
DA:19,0
DA:24,1
DA:27,20
DA:28,8
DA:29,8
DA:32,20
DA:33,20
DA:34,20
DA:38,20
DA:40,9
DA:75,8
LF:15
LH:14
BRDA:12,0,0,20
BRDA:18,1,0,0
BRDA:18,1,1,2
BRDA:18,2,0,2
BRDA:18,2,1,2
BRDA:24,3,0,1
BRDA:24,3,1,0
BRDA:27,4,0,8
BRDA:27,4,1,12
BRDA:41,5,0,20
BRDA:41,5,1,8
BRDA:71,6,0,8
BRDA:72,7,0,8
BRDA:90,8,0,8
BRDA:90,8,1,1
BRF:15
BRH:13
end_of_record
TN:
SF:src/components/ui/EmptyState.tsx
FN:10,EmptyState
FNF:1
FNH:1
FNDA:10,EmptyState
DA:11,10
LF:1
LH:1
BRF:0
BRH:0
end_of_record
TN:
SF:src/components/ui/ErrorState.tsx
FN:12,ErrorState
FNF:1
FNH:1
FNDA:10,ErrorState
DA:18,10
LF:1
LH:1
BRDA:13,0,0,10
BRDA:14,1,0,10
BRDA:21,2,0,10
BRDA:21,2,1,9
BRDA:25,3,0,10
BRDA:25,3,1,6
BRF:6
BRH:6
end_of_record
TN:
SF:src/components/ui/Input.tsx
FN:9,Input
FNF:1
FNH:1
FNDA:255,Input
DA:10,255
DA:12,255
LF:2
LH:2
BRDA:10,0,0,255
BRDA:10,0,1,254
BRDA:14,1,0,255
BRDA:14,1,1,234
BRDA:25,2,0,14
BRDA:25,2,1,241
BRDA:30,3,0,14
BRDA:30,3,1,241
BRDA:31,4,0,14
BRDA:31,4,1,241
BRDA:34,5,0,255
BRDA:34,5,1,14
BRF:12
BRH:12
end_of_record
TN:
SF:src/components/ui/Modal.tsx
FN:13,Modal
FN:17,(anonymous_1)
FN:20,handleEscape
FN:27,(anonymous_3)
FN:33,(anonymous_4)
FN:45,(anonymous_5)
FNF:6
FNH:6
FNDA:94,Modal
FNDA:94,(anonymous_1)
FNDA:1,handleEscape
FNDA:26,(anonymous_3)
FNDA:80,(anonymous_4)
FNDA:9,(anonymous_5)
DA:14,94
DA:15,94
DA:17,94
DA:18,94
DA:21,1
DA:24,26
DA:25,26
DA:27,26
DA:28,26
DA:29,26
DA:33,94
DA:34,80
DA:35,26
DA:39,94
DA:41,26
DA:46,9
LF:16
LH:16
BRDA:13,0,0,94
BRDA:18,1,0,68
BRDA:18,1,1,26
BRDA:21,2,0,1
BRDA:21,2,1,0
BRDA:34,3,0,26
BRDA:34,3,1,54
BRDA:34,4,0,80
BRDA:34,4,1,26
BRDA:39,5,0,68
BRDA:39,5,1,26
BRDA:46,6,0,1
BRDA:46,6,1,8
BRF:13
BRH:12
end_of_record
TN:
SF:src/components/ui/PageHeader.tsx
FN:9,PageHeader
FNF:1
FNH:1
FNDA:4,PageHeader
DA:10,4
LF:1
LH:1
BRDA:14,0,0,4
BRDA:14,0,1,1
BRDA:18,1,0,4
BRDA:18,1,1,1
BRF:4
BRH:4
end_of_record
TN:
SF:src/components/ui/Select.tsx
FN:11,Select
FN:45,(anonymous_1)
FNF:2
FNH:2
FNDA:89,Select
FNDA:555,(anonymous_1)
DA:20,89
DA:22,89
DA:46,555
LF:3
LH:3
BRDA:20,0,0,89
BRDA:20,0,1,89
BRDA:24,1,0,89
BRDA:24,1,1,57
BRDA:34,2,0,2
BRDA:34,2,1,87
BRDA:39,3,0,2
BRDA:39,3,1,87
BRDA:42,4,0,89
BRDA:42,4,1,16
BRDA:51,5,0,89
BRDA:51,5,1,2
BRF:12
BRH:12
end_of_record
TN:
SF:src/components/ui/Skeleton.tsx
FN:11,Skeleton
FN:18,(anonymous_1)
FN:22,(anonymous_2)
FN:42,SkeletonCard
FN:60,SkeletonTable
FN:63,(anonymous_5)
FNF:6
FNH:6
FNDA:5,Skeleton
FNDA:7,(anonymous_1)
FNDA:7,(anonymous_2)
FNDA:5,SkeletonCard
FNDA:3,SkeletonTable
FNDA:14,(anonymous_5)
DA:18,7
DA:20,5
DA:23,7
DA:43,5
DA:61,3
DA:64,14
LF:6
LH:6
BRDA:13,0,0,5
BRDA:16,1,0,5
BRDA:34,2,0,7
BRDA:34,2,1,6
BRDA:34,3,0,7
BRDA:34,3,1,6
BRDA:60,4,0,3
BRF:7
BRH:7
end_of_record
TN:
SF:src/components/ui/Spinner.tsx
FN:8,Spinner
FNF:1
FNH:1
FNDA:13,Spinner
DA:9,13
LF:1
LH:1
BRDA:8,0,0,13
BRDA:11,1,0,13
BRDA:11,1,1,12
BRF:3
BRH:3
end_of_record
TN:
SF:src/components/ui/TextArea.tsx
FN:9,TextArea
FNF:1
FNH:1
FNDA:22,TextArea
DA:10,22
DA:12,22
LF:2
LH:2
BRDA:10,0,0,22
BRDA:10,0,1,22
BRDA:14,1,0,22
BRDA:14,1,1,21
BRDA:25,2,0,2
BRDA:25,2,1,20
BRDA:31,3,0,22
BRDA:31,3,1,2
BRF:8
BRH:8
end_of_record
TN:
SF:src/context/AuthContext.tsx
FN:19,AuthProvider
FN:24,(anonymous_1)
FN:25,(anonymous_2)
FN:31,(anonymous_3)
FN:37,(anonymous_4)
FN:40,signUp
FN:49,signIn
FN:54,signOut
FN:58,resetPassword
FN:65,updatePassword
FNF:10
FNH:9
FNDA:17,AuthProvider
FNDA:9,(anonymous_1)
FNDA:9,(anonymous_2)
FNDA:0,(anonymous_3)
FNDA:9,(anonymous_4)
FNDA:1,signUp
FNDA:2,signIn
FNDA:1,signOut
FNDA:1,resetPassword
FNDA:1,updatePassword
DA:17,28
DA:20,17
DA:21,17
DA:22,17
DA:24,17
DA:25,9
DA:26,9
DA:27,9
DA:28,9
DA:31,9
DA:32,0
DA:33,0
DA:34,0
DA:37,9
DA:41,1
DA:46,1
DA:50,2
DA:51,2
DA:55,1
DA:59,1
DA:62,1
DA:66,1
DA:67,1
DA:70,17
LF:24
LH:21
BRDA:27,0,0,9
BRDA:27,0,1,8
BRDA:33,1,0,0
BRDA:33,1,1,0
BRDA:46,2,0,0
BRDA:46,2,1,1
BRDA:51,3,0,1
BRDA:51,3,1,1
BRDA:62,4,0,0
BRDA:62,4,1,1
BRDA:67,5,0,0
BRDA:67,5,1,1
BRF:12
BRH:7
end_of_record
TN:
SF:src/context/ThemeContext.tsx
FN:11,ThemeProvider
FN:12,(anonymous_1)
FN:16,(anonymous_2)
FNF:3
FNH:3
FNDA:7,ThemeProvider
FNDA:5,(anonymous_1)
FNDA:7,(anonymous_2)
DA:9,29
DA:12,7
DA:13,5
DA:16,7
DA:17,7
DA:18,7
DA:21,7
LF:7
LH:7
BRF:0
BRH:0
end_of_record
TN:
SF:src/hooks/useAuth.tsx
FN:7,useAuth
FNF:1
FNH:1
FNDA:142,useAuth
DA:8,142
DA:9,142
DA:10,2
DA:12,140
LF:4
LH:4
BRDA:9,0,0,2
BRDA:9,0,1,140
BRF:2
BRH:2
end_of_record
TN:
SF:src/hooks/useCategories.ts
FN:13,useCategories
FN:18,(anonymous_1)
FN:28,useCreateCategory
FN:33,(anonymous_3)
FN:39,(anonymous_4)
FN:43,(anonymous_5)
FN:49,useUpdateCategory
FN:53,(anonymous_7)
FN:58,(anonymous_8)
FN:62,(anonymous_9)
FN:68,useDeleteCategory
FN:72,(anonymous_11)
FN:76,(anonymous_12)
FN:83,(anonymous_13)
FN:84,(anonymous_14)
FN:89,(anonymous_15)
FN:97,(anonymous_16)
FN:100,(anonymous_17)
FNF:18
FNH:15
FNDA:7,useCategories
FNDA:3,(anonymous_1)
FNDA:2,useCreateCategory
FNDA:2,(anonymous_3)
FNDA:1,(anonymous_4)
FNDA:1,(anonymous_5)
FNDA:1,useUpdateCategory
FNDA:1,(anonymous_7)
FNDA:1,(anonymous_8)
FNDA:0,(anonymous_9)
FNDA:2,useDeleteCategory
FNDA:2,(anonymous_11)
FNDA:2,(anonymous_12)
FNDA:0,(anonymous_13)
FNDA:0,(anonymous_14)
FNDA:1,(anonymous_15)
FNDA:2,(anonymous_16)
FNDA:1,(anonymous_17)
DA:14,7
DA:16,7
DA:19,3
DA:20,3
DA:21,3
DA:22,2
DA:29,2
DA:30,2
DA:32,2
DA:34,2
DA:35,2
DA:36,2
DA:37,1
DA:40,1
DA:41,1
DA:44,1
DA:50,1
DA:52,1
DA:54,1
DA:55,1
DA:56,1
DA:59,1
DA:60,1
DA:63,0
DA:69,2
DA:71,2
DA:73,2
DA:74,2
DA:77,2
DA:78,2
DA:82,2
DA:84,0
DA:87,2
DA:90,1
DA:91,1
DA:92,0
DA:95,1
DA:98,2
DA:101,1
LF:39
LH:36
BRDA:19,0,0,0
BRDA:19,0,1,3
BRDA:21,1,0,1
BRDA:21,1,1,2
BRDA:22,2,0,2
BRDA:22,2,1,0
BRDA:34,3,0,0
BRDA:34,3,1,2
BRDA:36,4,0,1
BRDA:36,4,1,1
BRDA:44,5,0,1
BRDA:44,5,1,0
BRDA:55,6,0,0
BRDA:55,6,1,1
BRDA:63,7,0,0
BRDA:63,7,1,0
BRDA:74,8,0,1
BRDA:74,8,1,1
BRDA:90,9,0,1
BRDA:90,9,1,0
BRF:20
BRH:12
end_of_record
TN:
SF:src/hooks/useCurrency.ts
FN:7,useCurrency
FNF:1
FNH:1
FNDA:1,useCurrency
DA:8,1
DA:9,1
LF:2
LH:2
BRDA:9,0,0,1
BRDA:9,0,1,1
BRF:2
BRH:2
end_of_record
TN:
SF:src/hooks/useDashboard.ts
FN:8,useDashboardStats
FN:13,(anonymous_1)
FN:31,(anonymous_2)
FN:32,(anonymous_3)
FN:34,(anonymous_4)
FN:35,(anonymous_5)
FN:37,(anonymous_6)
FN:38,(anonymous_7)
FN:40,(anonymous_8)
FN:41,(anonymous_9)
FN:55,useRecentTransactions
FN:60,(anonymous_11)
FN:73,useMonthlyData
FN:79,(anonymous_13)
FN:103,(anonymous_14)
FN:113,useCategoryBreakdown
FN:118,(anonymous_16)
FN:144,(anonymous_17)
FN:147,(anonymous_18)
FN:153,(anonymous_19)
FNF:20
FNH:20
FNDA:4,useDashboardStats
FNDA:2,(anonymous_1)
FNDA:3,(anonymous_2)
FNDA:2,(anonymous_3)
FNDA:3,(anonymous_4)
FNDA:1,(anonymous_5)
FNDA:3,(anonymous_6)
FNDA:2,(anonymous_7)
FNDA:3,(anonymous_8)
FNDA:1,(anonymous_9)
FNDA:2,useRecentTransactions
FNDA:1,(anonymous_11)
FNDA:2,useMonthlyData
FNDA:1,(anonymous_13)
FNDA:12,(anonymous_14)
FNDA:4,useCategoryBreakdown
FNDA:2,(anonymous_16)
FNDA:3,(anonymous_17)
FNDA:3,(anonymous_18)
FNDA:1,(anonymous_19)
DA:9,4
DA:11,4
DA:14,2
DA:16,2
DA:17,2
DA:19,2
DA:24,2
DA:25,1
DA:27,1
DA:28,2
DA:30,2
DA:31,3
DA:32,2
DA:33,2
DA:34,3
DA:35,1
DA:36,2
DA:37,3
DA:38,2
DA:39,2
DA:40,3
DA:41,1
DA:43,2
DA:56,2
DA:58,2
DA:61,1
DA:62,1
DA:66,1
DA:67,1
DA:74,2
DA:75,2
DA:77,2
DA:80,1
DA:81,1
DA:82,1
DA:84,1
DA:86,1
DA:87,12
DA:88,12
DA:91,1
DA:92,3
DA:93,3
DA:94,3
DA:95,3
DA:96,2
DA:98,1
DA:103,12
DA:114,4
DA:116,4
DA:119,2
DA:121,2
DA:122,2
DA:124,2
DA:129,2
DA:131,2
DA:133,2
DA:134,4
DA:135,4
DA:136,4
DA:137,4
DA:138,1
DA:140,3
DA:144,3
DA:146,2
DA:147,3
DA:153,1
LF:66
LH:66
BRDA:14,0,0,0
BRDA:14,0,1,2
BRDA:24,1,0,1
BRDA:24,1,1,1
BRDA:25,2,0,0
BRDA:25,2,1,1
BRDA:27,3,0,1
BRDA:27,3,1,0
BRDA:28,4,0,2
BRDA:28,4,1,0
BRDA:55,5,0,2
BRDA:61,6,0,0
BRDA:61,6,1,1
BRDA:66,7,0,0
BRDA:66,7,1,1
BRDA:67,8,0,1
BRDA:67,8,1,0
BRDA:80,9,0,0
BRDA:80,9,1,1
BRDA:82,10,0,0
BRDA:82,10,1,1
BRDA:91,11,0,1
BRDA:91,11,1,0
BRDA:94,12,0,3
BRDA:94,12,1,0
BRDA:95,13,0,2
BRDA:95,13,1,1
BRDA:119,14,0,0
BRDA:119,14,1,2
BRDA:129,15,0,0
BRDA:129,15,1,2
BRDA:133,16,0,2
BRDA:133,16,1,0
BRDA:134,17,0,4
BRDA:134,17,1,1
BRDA:135,18,0,4
BRDA:135,18,1,1
BRDA:137,19,0,1
BRDA:137,19,1,3
BRDA:151,20,0,3
BRDA:151,20,1,0
BRF:41
BRH:26
end_of_record
TN:
SF:src/hooks/useProfile.ts
FN:8,useProfile
FN:13,(anonymous_1)
FN:23,useUpdateProfile
FN:28,(anonymous_3)
FN:34,(anonymous_4)
FN:39,(anonymous_5)
FNF:6
FNH:6
FNDA:5,useProfile
FNDA:2,(anonymous_1)
FNDA:2,useUpdateProfile
FNDA:2,(anonymous_3)
FNDA:1,(anonymous_4)
FNDA:1,(anonymous_5)
DA:9,5
DA:11,5
DA:14,2
DA:15,2
DA:16,2
DA:17,1
DA:24,2
DA:25,2
DA:27,2
DA:29,2
DA:30,2
DA:31,2
DA:32,1
DA:35,1
DA:36,1
DA:37,1
DA:40,1
LF:17
LH:17
BRDA:14,0,0,0
BRDA:14,0,1,2
BRDA:16,1,0,1
BRDA:16,1,1,1
BRDA:29,2,0,0
BRDA:29,2,1,2
BRDA:31,3,0,1
BRDA:31,3,1,1
BRDA:40,4,0,1
BRDA:40,4,1,0
BRF:10
BRH:7
end_of_record
TN:
SF:src/hooks/useTheme.ts
FN:4,useTheme
FNF:1
FNH:1
FNDA:31,useTheme
DA:5,31
DA:6,31
DA:7,2
DA:9,29
LF:4
LH:4
BRDA:6,0,0,2
BRDA:6,0,1,29
BRF:2
BRH:2
end_of_record
TN:
SF:src/hooks/useTransactions.ts
FN:13,useTransactions
FN:18,(anonymous_1)
FN:28,useCreateTransaction
FN:33,(anonymous_3)
FN:39,(anonymous_4)
FN:44,(anonymous_5)
FN:50,useUpdateTransaction
FN:54,(anonymous_7)
FN:59,(anonymous_8)
FN:64,(anonymous_9)
FN:70,useDeleteTransaction
FN:74,(anonymous_11)
FN:78,(anonymous_12)
FN:86,(anonymous_13)
FN:87,(anonymous_14)
FN:92,(anonymous_15)
FN:101,(anonymous_16)
FN:105,(anonymous_17)
FNF:18
FNH:15
FNDA:6,useTransactions
FNDA:3,(anonymous_1)
FNDA:2,useCreateTransaction
FNDA:2,(anonymous_3)
FNDA:1,(anonymous_4)
FNDA:1,(anonymous_5)
FNDA:1,useUpdateTransaction
FNDA:1,(anonymous_7)
FNDA:1,(anonymous_8)
FNDA:0,(anonymous_9)
FNDA:2,useDeleteTransaction
FNDA:2,(anonymous_11)
FNDA:2,(anonymous_12)
FNDA:0,(anonymous_13)
FNDA:0,(anonymous_14)
FNDA:1,(anonymous_15)
FNDA:2,(anonymous_16)
FNDA:1,(anonymous_17)
DA:14,6
DA:16,6
DA:19,3
DA:20,3
DA:21,3
DA:22,2
DA:29,2
DA:30,2
DA:32,2
DA:34,2
DA:35,2
DA:36,2
DA:37,1
DA:40,1
DA:41,1
DA:42,1
DA:45,1
DA:51,1
DA:53,1
DA:55,1
DA:56,1
DA:57,1
DA:60,1
DA:61,1
DA:62,1
DA:65,0
DA:71,2
DA:73,2
DA:75,2
DA:76,2
DA:80,2
DA:81,2
DA:85,2
DA:87,0
DA:90,2
DA:94,1
DA:95,1
DA:96,0
DA:99,1
DA:102,2
DA:103,2
DA:106,1
LF:42
LH:39
BRDA:19,0,0,0
BRDA:19,0,1,3
BRDA:21,1,0,1
BRDA:21,1,1,2
BRDA:22,2,0,2
BRDA:22,2,1,0
BRDA:34,3,0,0
BRDA:34,3,1,2
BRDA:36,4,0,1
BRDA:36,4,1,1
BRDA:45,5,0,1
BRDA:45,5,1,0
BRDA:56,6,0,0
BRDA:56,6,1,1
BRDA:65,7,0,0
BRDA:65,7,1,0
BRDA:76,8,0,1
BRDA:76,8,1,1
BRDA:94,9,0,1
BRDA:94,9,1,0
BRF:20
BRH:12
end_of_record
TN:
SF:src/layouts/AuthLayout.tsx
FN:7,AuthLayout
FN:32,(anonymous_1)
FNF:2
FNH:1
FNDA:4,AuthLayout
FNDA:0,(anonymous_1)
DA:8,4
DA:9,4
DA:11,4
DA:12,1
DA:19,3
DA:20,1
DA:23,2
DA:32,0
LF:8
LH:7
BRDA:11,0,0,1
BRDA:11,0,1,3
BRDA:19,1,0,1
BRDA:19,1,1,2
BRDA:33,2,0,0
BRDA:33,2,1,2
BRDA:35,3,0,0
BRDA:35,3,1,2
BRF:8
BRH:6
end_of_record
TN:
SF:src/layouts/DashboardLayout.tsx
FN:26,DashboardLayout
FN:32,handleSignOut
FN:43,(anonymous_2)
FN:58,(anonymous_3)
FN:67,(anonymous_4)
FN:71,(anonymous_5)
FN:72,(anonymous_6)
FN:93,(anonymous_7)
FN:115,(anonymous_8)
FN:128,(anonymous_9)
FNF:10
FNH:3
FNDA:6,DashboardLayout
FNDA:0,handleSignOut
FNDA:0,(anonymous_2)
FNDA:0,(anonymous_3)
FNDA:24,(anonymous_4)
FNDA:0,(anonymous_5)
FNDA:24,(anonymous_6)
FNDA:0,(anonymous_7)
FNDA:0,(anonymous_8)
FNDA:0,(anonymous_9)
DA:19,2
DA:27,6
DA:28,6
DA:29,6
DA:30,6
DA:33,0
DA:34,0
DA:37,6
DA:43,0
DA:58,0
DA:68,24
DA:71,0
DA:73,24
DA:93,0
DA:115,0
DA:128,0
LF:16
LH:8
BRDA:40,0,0,6
BRDA:40,0,1,0
BRDA:51,1,0,0
BRDA:51,1,1,6
BRDA:75,2,0,6
BRDA:75,2,1,18
BRDA:94,3,0,0
BRDA:94,3,1,6
BRDA:96,4,0,0
BRDA:96,4,1,6
BRDA:129,5,0,0
BRDA:129,5,1,6
BRDA:131,6,0,0
BRDA:131,6,1,6
BRF:14
BRH:8
end_of_record
TN:
SF:src/lib/queryClient.ts
FNF:0
FNH:0
DA:3,1
LF:1
LH:1
BRF:0
BRH:0
end_of_record
TN:
SF:src/lib/queryKeys.ts
FN:4,(anonymous_0)
FN:9,(anonymous_1)
FN:13,(anonymous_2)
FN:17,(anonymous_3)
FN:18,(anonymous_4)
FN:20,(anonymous_5)
FN:22,(anonymous_6)
FNF:7
FNH:7
FNDA:8,(anonymous_0)
FNDA:8,(anonymous_1)
FNDA:7,(anonymous_2)
FNDA:5,(anonymous_3)
FNDA:3,(anonymous_4)
FNDA:3,(anonymous_5)
FNDA:5,(anonymous_6)
DA:1,7
DA:5,8
DA:10,8
DA:13,7
DA:17,5
DA:19,3
DA:21,3
DA:23,5
LF:8
LH:8
BRF:0
BRH:0
end_of_record
TN:
SF:src/lib/supabase.ts
FNF:0
FNH:0
DA:3,25
DA:4,25
DA:6,25
DA:7,0
DA:13,25
LF:5
LH:4
BRDA:6,0,0,0
BRDA:6,0,1,25
BRDA:6,1,0,25
BRDA:6,1,1,25
BRF:4
BRH:3
end_of_record
TN:
SF:src/pages/CategoriesPage.tsx
FN:12,CategoriesPage
FN:19,handleCreate
FN:36,(anonymous_2)
FN:45,(anonymous_3)
FN:55,(anonymous_4)
FN:65,(anonymous_5)
FN:84,(anonymous_6)
FN:94,(anonymous_7)
FN:97,(anonymous_8)
FNF:9
FNH:2
FNDA:6,CategoriesPage
FNDA:0,handleCreate
FNDA:1,(anonymous_2)
FNDA:0,(anonymous_3)
FNDA:0,(anonymous_4)
FNDA:0,(anonymous_5)
FNDA:0,(anonymous_6)
FNDA:0,(anonymous_7)
FNDA:0,(anonymous_8)
DA:13,6
DA:14,6
DA:16,6
DA:17,6
DA:20,0
DA:26,0
DA:29,6
DA:36,1
DA:45,0
DA:55,0
DA:65,0
DA:84,0
DA:94,0
DA:97,0
LF:14
LH:6
BRDA:47,0,0,6
BRDA:47,0,1,0
BRDA:57,1,0,0
BRDA:57,1,1,6
BRDA:67,2,0,0
BRDA:67,2,1,6
BRDA:76,3,0,1
BRDA:76,3,1,5
BRDA:78,4,0,4
BRDA:78,4,1,1
BRDA:78,5,0,5
BRDA:78,5,1,5
BRF:12
BRH:9
end_of_record
TN:
SF:src/pages/DashboardPage.tsx
FN:12,DashboardPage
FN:21,(anonymous_1)
FN:36,(anonymous_2)
FNF:3
FNH:2
FNDA:4,DashboardPage
FNDA:0,(anonymous_1)
FNDA:4,(anonymous_2)
DA:13,4
DA:14,4
DA:16,4
DA:17,1
DA:21,0
DA:26,3
DA:36,4
LF:7
LH:6
BRDA:16,0,0,1
BRDA:16,0,1,3
BRDA:34,1,0,1
BRDA:34,1,1,2
BRDA:42,2,0,2
BRDA:42,2,1,0
BRDA:48,3,0,2
BRDA:48,3,1,0
BRDA:55,4,0,2
BRDA:55,4,1,0
BRDA:62,5,0,2
BRDA:62,5,1,0
BRDA:62,6,0,2
BRDA:62,6,1,0
BRF:14
BRH:9
end_of_record
TN:
SF:src/pages/ForgotPasswordPage.tsx
FN:17,ForgotPasswordPage
FN:31,onSubmit
FNF:2
FNH:2
FNDA:16,ForgotPasswordPage
FNDA:3,onSubmit
DA:11,2
DA:18,16
DA:19,16
DA:20,16
DA:27,16
DA:32,3
DA:33,3
DA:34,3
DA:35,1
DA:37,2
DA:38,2
DA:40,3
DA:43,16
DA:44,2
DA:57,14
LF:15
LH:15
BRDA:34,0,0,1
BRDA:34,0,1,2
BRDA:43,1,0,2
BRDA:43,1,1,14
BRDA:63,2,0,14
BRDA:63,2,1,1
BRF:6
BRH:6
end_of_record
TN:
SF:src/pages/LoginPage.tsx
FN:17,LoginPage
FN:30,onSubmit
FNF:2
FNH:2
FNDA:18,LoginPage
FNDA:2,onSubmit
DA:10,2
DA:18,18
DA:19,18
DA:26,18
DA:31,2
DA:32,2
DA:33,2
DA:34,1
DA:36,2
DA:39,18
LF:10
LH:10
BRDA:33,0,0,1
BRDA:33,0,1,1
BRDA:45,1,0,18
BRDA:45,1,1,1
BRF:4
BRH:4
end_of_record
TN:
SF:src/pages/ProfilePage.tsx
FN:26,(anonymous_0)
FN:33,ProfilePage
FN:59,(anonymous_2)
FN:68,onProfileSubmit
FN:75,onPasswordSubmit
FN:88,(anonymous_5)
FN:145,(anonymous_6)
FNF:7
FNH:3
FNDA:0,(anonymous_0)
FNDA:8,ProfilePage
FNDA:4,(anonymous_2)
FNDA:0,onProfileSubmit
FNDA:0,onPasswordSubmit
FNDA:42,(anonymous_5)
FNDA:0,(anonymous_6)
DA:16,2
DA:23,2
DA:26,0
DA:34,8
DA:35,8
DA:36,8
DA:37,8
DA:38,8
DA:45,8
DA:55,8
DA:59,8
DA:60,4
DA:61,3
DA:69,0
DA:76,0
DA:77,0
DA:78,0
DA:79,0
DA:81,0
DA:83,0
DA:86,8
DA:88,42
DA:90,6
DA:145,0
LF:24
LH:15
BRDA:60,0,0,3
BRDA:60,0,1,1
BRDA:62,1,0,3
BRDA:62,1,1,0
BRDA:78,2,0,0
BRDA:78,2,1,0
BRDA:86,3,0,2
BRDA:86,3,1,6
BRDA:104,4,0,6
BRDA:104,4,1,0
BRDA:134,5,0,0
BRDA:134,5,1,6
BRDA:138,6,0,0
BRDA:138,6,1,6
BRDA:144,7,0,0
BRDA:144,7,1,6
BRDA:146,8,0,0
BRDA:146,8,1,6
BRDA:157,9,0,8
BRDA:157,9,1,0
BRF:20
BRH:11
end_of_record
TN:
SF:src/pages/ResetPasswordPage.tsx
FN:14,(anonymous_0)
FN:21,ResetPasswordPage
FN:35,onSubmit
FNF:3
FNH:3
FNDA:4,(anonymous_0)
FNDA:15,ResetPasswordPage
FNDA:2,onSubmit
DA:11,2
DA:14,4
DA:22,15
DA:23,15
DA:24,15
DA:31,15
DA:36,2
DA:37,2
DA:38,2
DA:39,1
DA:41,1
DA:42,1
DA:44,2
DA:47,15
LF:14
LH:14
BRDA:38,0,0,1
BRDA:38,0,1,1
BRDA:53,1,0,15
BRDA:53,1,1,1
BRF:4
BRH:4
end_of_record
TN:
SF:src/pages/SignUpPage.tsx
FN:16,(anonymous_0)
FN:23,SignUpPage
FN:36,onSubmit
FNF:3
FNH:3
FNDA:4,(anonymous_0)
FNDA:16,SignUpPage
FNDA:2,onSubmit
DA:11,2
DA:16,4
DA:24,16
DA:25,16
DA:32,16
DA:37,2
DA:38,2
DA:39,2
DA:40,1
DA:42,1
DA:44,2
DA:47,16
LF:12
LH:12
BRDA:39,0,0,1
BRDA:39,0,1,1
BRDA:53,1,0,16
BRDA:53,1,1,1
BRF:4
BRH:4
end_of_record
TN:
SF:src/pages/TransactionsPage.tsx
FN:14,TransactionsPage
FN:24,handleCreate
FN:45,(anonymous_2)
FN:57,(anonymous_3)
FN:72,(anonymous_4)
FN:85,(anonymous_5)
FN:90,(anonymous_6)
FNF:7
FNH:2
FNDA:6,TransactionsPage
FNDA:0,handleCreate
FNDA:1,(anonymous_2)
FNDA:0,(anonymous_3)
FNDA:0,(anonymous_4)
FNDA:0,(anonymous_5)
FNDA:0,(anonymous_6)
DA:15,6
DA:19,6
DA:21,6
DA:22,6
DA:25,0
DA:33,0
DA:36,6
DA:45,1
DA:57,0
DA:72,0
DA:85,0
DA:90,0
LF:12
LH:6
BRDA:29,0,0,0
BRDA:29,0,1,0
BRDA:31,1,0,0
BRDA:31,1,1,0
BRDA:53,2,0,1
BRDA:53,2,1,5
BRDA:59,3,0,1
BRDA:59,3,1,4
BRDA:61,4,0,3
BRDA:61,4,1,1
BRDA:61,5,0,4
BRDA:61,5,1,4
BRDA:66,6,0,0
BRDA:66,6,1,3
BRDA:66,7,0,3
BRDA:66,7,1,3
BRDA:66,7,2,3
BRDA:71,8,0,3
BRDA:71,8,1,3
BRF:19
BRH:14
end_of_record
TN:
SF:src/routes/index.tsx
FN:14,AppRouter
FNF:1
FNH:1
FNDA:1,AppRouter
DA:15,1
LF:1
LH:1
BRF:0
BRH:0
end_of_record
TN:
SF:src/services/categories.ts
FN:4,getCategories
FN:19,createCategory
FN:29,updateCategory
FN:40,deleteCategory
FNF:4
FNH:4
FNDA:2,getCategories
FNDA:2,createCategory
FNDA:1,updateCategory
FNDA:2,deleteCategory
DA:5,2
DA:11,2
DA:12,1
DA:15,2
DA:16,2
DA:20,2
DA:26,2
DA:30,1
DA:37,1
DA:41,2
DA:46,2
LF:11
LH:11
BRDA:11,0,0,1
BRDA:11,0,1,1
BRF:2
BRH:2
end_of_record
TN:
SF:src/services/profiles.ts
FN:4,getProfile
FN:14,updateProfile
FNF:2
FNH:2
FNDA:2,getProfile
FNDA:2,updateProfile
DA:5,2
DA:11,2
DA:15,2
DA:22,2
LF:4
LH:4
BRF:0
BRH:0
end_of_record
TN:
SF:src/services/transactions.ts
FN:9,getTransactions
FN:47,getTransaction
FN:57,createTransaction
FN:67,updateTransaction
FN:78,deleteTransaction
FN:87,getMonthlyStats
FNF:6
FNH:6
FNDA:8,getTransactions
FNDA:1,getTransaction
FNDA:1,createTransaction
FNDA:1,updateTransaction
FNDA:1,deleteTransaction
FNDA:1,getMonthlyStats
DA:10,8
DA:15,8
DA:16,1
DA:19,8
DA:20,1
DA:23,8
DA:24,1
DA:27,8
DA:28,1
DA:31,8
DA:32,1
DA:35,8
DA:36,8
DA:37,8
DA:39,8
DA:40,1
DA:43,8
DA:44,8
DA:48,1
DA:54,1
DA:58,1
DA:64,1
DA:68,1
DA:75,1
DA:79,1
DA:84,1
DA:88,1
DA:89,1
DA:91,1
DA:98,1
LF:30
LH:30
BRDA:15,0,0,1
BRDA:15,0,1,7
BRDA:15,1,0,8
BRDA:15,1,1,2
BRDA:19,2,0,1
BRDA:19,2,1,7
BRDA:23,3,0,1
BRDA:23,3,1,7
BRDA:27,4,0,1
BRDA:27,4,1,7
BRDA:31,5,0,1
BRDA:31,5,1,7
BRDA:35,6,0,1
BRDA:35,6,1,7
BRDA:39,7,0,1
BRDA:39,7,1,7
BRF:16
BRH:16
end_of_record
TN:
SF:src/utils/cn.ts
FN:3,cn
FNF:1
FNH:1
FNDA:764,cn
DA:4,764
LF:1
LH:1
BRF:0
BRH:0
end_of_record
TN:
SF:src/utils/constants.ts
FNF:0
FNH:0
DA:1,6
DA:8,6
DA:15,6
LF:3
LH:3
BRF:0
BRH:0
end_of_record
TN:
SF:src/utils/formatCurrency.ts
FN:1,formatCurrency
FN:10,formatCompactCurrency
FNF:2
FNH:2
FNDA:38,formatCurrency
FNDA:5,formatCompactCurrency
DA:2,38
DA:11,5
DA:12,3
DA:19,2
LF:4
LH:4
BRDA:1,0,0,38
BRDA:10,1,0,5
BRDA:11,2,0,3
BRDA:11,2,1,2
BRF:4
BRH:4
end_of_record
TN:
SF:src/utils/formatDate.ts
FN:1,formatDate
FN:10,formatDateShort
FN:18,getToday
FN:22,getMonthStart
FN:27,getMonthEnd
FN:32,getMonthName
FNF:6
FNH:6
FNDA:22,formatDate
FNDA:2,formatDateShort
FNDA:12,getToday
FNDA:8,getMonthStart
FNDA:8,getMonthEnd
FNDA:15,getMonthName
DA:2,22
DA:3,22
DA:11,2
DA:12,2
DA:19,12
DA:23,8
DA:24,8
DA:28,8
DA:29,8
DA:33,15
DA:34,15
LF:11
LH:11
BRDA:19,0,0,12
BRDA:19,0,1,0
BRDA:24,1,0,8
BRDA:24,1,1,0
BRDA:29,2,0,8
BRDA:29,2,1,0
BRF:6
BRH:3
end_of_record
