TN:
SF:src/App.tsx
FN:10,AppToaster
FN:42,App
FNF:2
FNH:2
FNDA:1,AppToaster
FNDA:1,App
DA:11,1
DA:13,1
DA:43,1
LF:3
LH:3
BRDA:21,0,0,0
BRDA:21,0,1,1
BRDA:22,1,0,0
BRDA:22,1,1,1
BRDA:23,2,0,0
BRDA:23,2,1,1
BRDA:28,3,0,0
BRDA:28,3,1,1
BRDA:34,4,0,0
BRDA:34,4,1,1
BRF:10
BRH:5
end_of_record
TN:
SF:src/components/ErrorBoundary.tsx
FN:15,constructor
FN:20,getDerivedStateFromError
FN:24,componentDidCatch
FN:28,(anonymous_3)
FN:32,render
FNF:5
FNH:4
FNDA:7,constructor
FNDA:6,getDerivedStateFromError
FNDA:2,componentDidCatch
FNDA:0,(anonymous_3)
FNDA:10,render
DA:16,7
DA:17,7
DA:21,4
DA:25,2
DA:28,0
DA:29,0
DA:33,10
DA:34,4
DA:35,2
DA:38,2
DA:47,6
LF:11
LH:9
BRDA:33,0,0,4
BRDA:33,0,1,6
BRDA:34,1,0,2
BRDA:34,1,1,2
BRDA:41,2,0,2
BRDA:41,2,1,0
BRF:6
BRH:5
end_of_record
TN:
SF:src/components/analytics/AnalyticsSkeleton.tsx
FN:1,AnalyticsSkeleton
FN:6,(anonymous_1)
FN:32,(anonymous_2)
FNF:3
FNH:3
FNDA:2,AnalyticsSkeleton
FNDA:20,(anonymous_1)
FNDA:6,(anonymous_2)
DA:2,2
DA:7,20
DA:33,6
LF:3
LH:3
BRF:0
BRH:0
end_of_record
TN:
SF:src/components/analytics/CashFlowChart.tsx
FN:21,CashFlowChart
FN:22,(anonymous_1)
FN:41,(anonymous_2)
FNF:3
FNH:2
FNDA:2,CashFlowChart
FNDA:1,(anonymous_1)
FNDA:0,(anonymous_2)
DA:22,2
DA:24,2
DA:41,0
LF:3
LH:2
BRF:0
BRH:0
end_of_record
TN:
SF:src/components/analytics/CategoryBreakdownTable.tsx
FN:11,CategoryBreakdownTable
FN:33,(anonymous_1)
FNF:2
FNH:2
FNDA:2,CategoryBreakdownTable
FNDA:2,(anonymous_1)
DA:12,2
DA:34,2
LF:2
LH:2
BRF:0
BRH:0
end_of_record
TN:
SF:src/components/analytics/CategoryComparisonChart.tsx
FN:20,CategoryComparisonChart
FN:39,(anonymous_1)
FN:42,(anonymous_2)
FNF:3
FNH:2
FNDA:2,CategoryComparisonChart
FNDA:0,(anonymous_1)
FNDA:2,(anonymous_2)
DA:21,2
DA:23,2
DA:39,0
DA:43,2
LF:4
LH:3
BRF:0
BRH:0
end_of_record
TN:
SF:src/components/analytics/CategoryPieChart.tsx
FN:14,CategoryPieChart
FN:38,(anonymous_1)
FN:44,(anonymous_2)
FN:50,(anonymous_3)
FNF:4
FNH:3
FNDA:3,CategoryPieChart
FNDA:4,(anonymous_1)
FNDA:0,(anonymous_2)
FNDA:4,(anonymous_3)
DA:15,3
DA:16,3
DA:17,3
DA:21,3
DA:39,4
DA:44,0
DA:51,4
LF:7
LH:6
BRDA:16,0,0,2
BRDA:16,0,1,1
BRDA:17,1,0,2
BRDA:17,1,1,1
BRDA:36,2,0,0
BRDA:36,2,1,3
BRF:6
BRH:5
end_of_record
TN:
SF:src/components/analytics/ChartCard.tsx
FN:18,ChartCard
FN:49,(anonymous_1)
FNF:2
FNH:2
FNDA:45,ChartCard
FNDA:8,(anonymous_1)
DA:30,45
DA:50,8
LF:2
LH:2
BRDA:24,0,0,45
BRDA:40,1,0,45
BRDA:40,1,1,32
BRDA:44,2,0,45
BRDA:44,2,1,3
BRDA:46,3,0,1
BRDA:46,3,1,44
BRDA:58,4,0,17
BRDA:58,4,1,27
BRDA:61,5,0,17
BRDA:61,5,1,16
BRDA:66,6,0,17
BRDA:66,6,1,1
BRF:13
BRH:13
end_of_record
TN:
SF:src/components/analytics/DailySpendingChart.tsx
FN:20,DailySpendingChart
FN:21,(anonymous_1)
FN:33,(anonymous_2)
FNF:3
FNH:2
FNDA:2,DailySpendingChart
FNDA:1,(anonymous_1)
FNDA:0,(anonymous_2)
DA:21,2
DA:23,2
DA:33,0
LF:3
LH:2
BRF:0
BRH:0
end_of_record
TN:
SF:src/components/analytics/ExpenseHeatmap.tsx
FN:18,ExpenseHeatmap
FN:52,(anonymous_1)
FN:67,(anonymous_2)
FN:81,(anonymous_3)
FN:93,(anonymous_4)
FN:95,(anonymous_5)
FN:117,(anonymous_6)
FNF:7
FNH:7
FNDA:2,ExpenseHeatmap
FNDA:54,(anonymous_1)
FNDA:13,(anonymous_2)
FNDA:14,(anonymous_3)
FNDA:53,(anonymous_4)
FNDA:371,(anonymous_5)
FNDA:10,(anonymous_6)
DA:13,1
DA:14,1
DA:15,1
DA:16,1
DA:19,2
DA:20,2
DA:23,2
DA:24,2
DA:26,2
DA:28,1
DA:29,1
DA:30,1
DA:33,1
DA:34,365
DA:35,365
DA:36,52
DA:37,52
DA:40,1
DA:41,1
DA:42,5
DA:44,1
DA:49,2
DA:50,2
DA:51,2
DA:52,54
DA:53,53
DA:54,53
DA:55,53
DA:56,13
DA:57,13
DA:62,53
DA:68,13
DA:82,14
DA:94,53
DA:96,371
DA:118,10
LF:36
LH:36
BRDA:20,0,0,0
BRDA:20,0,1,2
BRDA:26,1,0,1
BRDA:26,1,1,1
BRDA:35,2,0,52
BRDA:35,2,1,313
BRDA:40,3,0,1
BRDA:40,3,1,0
BRDA:53,4,0,53
BRDA:53,4,1,0
BRDA:55,5,0,13
BRDA:55,5,1,40
BRDA:56,6,0,13
BRDA:56,6,1,1
BRDA:84,7,0,6
BRDA:84,7,1,8
BRDA:84,8,0,14
BRDA:84,8,1,0
BRDA:100,9,0,371
BRDA:100,9,1,6
BRDA:104,10,0,365
BRDA:104,10,1,6
BRF:22
BRH:18
end_of_record
TN:
SF:src/components/analytics/ExpenseTrendChart.tsx
FN:20,ExpenseTrendChart
FN:21,(anonymous_1)
FN:39,(anonymous_2)
FNF:3
FNH:2
FNDA:2,ExpenseTrendChart
FNDA:1,(anonymous_1)
FNDA:0,(anonymous_2)
DA:21,2
DA:23,2
DA:39,0
LF:3
LH:2
BRF:0
BRH:0
end_of_record
TN:
SF:src/components/analytics/ExportButton.tsx
FN:10,ExportButton
FN:11,handleExportCSV
FNF:2
FNH:1
FNDA:1,ExportButton
FNDA:0,handleExportCSV
DA:12,0
DA:13,0
DA:14,0
DA:17,1
LF:4
LH:1
BRDA:13,0,0,0
BRDA:13,0,1,0
BRF:2
BRH:0
end_of_record
TN:
SF:src/components/analytics/FinancialHealthCard.tsx
FN:9,FinancialHealthCard
FN:52,(anonymous_1)
FNF:2
FNH:2
FNDA:6,FinancialHealthCard
FNDA:20,(anonymous_1)
DA:10,6
DA:12,5
DA:13,5
DA:15,5
DA:53,20
LF:5
LH:5
BRDA:10,0,0,1
BRDA:10,0,1,5
BRF:2
BRH:2
end_of_record
TN:
SF:src/components/analytics/IncomeVsExpenseChart.tsx
FN:21,IncomeVsExpenseChart
FN:22,(anonymous_1)
FN:34,(anonymous_2)
FNF:3
FNH:2
FNDA:2,IncomeVsExpenseChart
FNDA:1,(anonymous_1)
FNDA:0,(anonymous_2)
DA:22,2
DA:24,2
DA:34,0
LF:3
LH:2
BRDA:22,0,0,2
BRDA:22,0,1,1
BRDA:22,1,0,1
BRDA:22,1,1,0
BRF:4
BRH:3
end_of_record
TN:
SF:src/components/analytics/InvestmentTracker.tsx
FN:30,computeMonthlyInvestments
FN:32,(anonymous_1)
FN:46,(anonymous_2)
FN:49,(anonymous_3)
FN:56,InvestmentTracker
FN:57,(anonymous_5)
FN:58,(anonymous_6)
FN:62,(anonymous_7)
FN:67,(anonymous_8)
FN:68,(anonymous_9)
FN:72,(anonymous_10)
FN:76,(anonymous_11)
FN:77,(anonymous_12)
FN:81,(anonymous_13)
FN:136,(anonymous_14)
FN:154,(anonymous_15)
FN:166,(anonymous_16)
FN:187,(anonymous_17)
FN:189,(anonymous_18)
FNF:19
FNH:0
FNDA:0,computeMonthlyInvestments
FNDA:0,(anonymous_1)
FNDA:0,(anonymous_2)
FNDA:0,(anonymous_3)
FNDA:0,InvestmentTracker
FNDA:0,(anonymous_5)
FNDA:0,(anonymous_6)
FNDA:0,(anonymous_7)
FNDA:0,(anonymous_8)
FNDA:0,(anonymous_9)
FNDA:0,(anonymous_10)
FNDA:0,(anonymous_11)
FNDA:0,(anonymous_12)
FNDA:0,(anonymous_13)
FNDA:0,(anonymous_14)
FNDA:0,(anonymous_15)
FNDA:0,(anonymous_16)
FNDA:0,(anonymous_17)
FNDA:0,(anonymous_18)
DA:32,0
DA:33,0
DA:36,0
DA:38,0
DA:39,0
DA:40,0
DA:41,0
DA:45,0
DA:46,0
DA:49,0
DA:50,0
DA:51,0
DA:52,0
DA:57,0
DA:58,0
DA:62,0
DA:63,0
DA:67,0
DA:68,0
DA:72,0
DA:73,0
DA:74,0
DA:75,0
DA:76,0
DA:77,0
DA:80,0
DA:81,0
DA:84,0
DA:86,0
DA:136,0
DA:155,0
DA:156,0
DA:157,0
DA:166,0
DA:187,0
DA:190,0
LF:36
LH:0
BRDA:41,0,0,0
BRDA:41,0,1,0
BRDA:80,1,0,0
BRDA:80,1,1,0
BRDA:155,2,0,0
BRDA:155,2,1,0
BRDA:183,3,0,0
BRDA:183,3,1,0
BRDA:194,4,0,0
BRDA:194,4,1,0
BRDA:196,5,0,0
BRDA:196,5,1,0
BRDA:209,6,0,0
BRDA:209,6,1,0
BRDA:211,7,0,0
BRDA:211,7,1,0
BRF:16
BRH:0
end_of_record
TN:
SF:src/components/analytics/LargestTransactions.tsx
FN:15,LargestTransactions
FN:26,(anonymous_1)
FN:30,(anonymous_2)
FN:43,(anonymous_3)
FNF:4
FNH:3
FNDA:2,LargestTransactions
FNDA:4,(anonymous_1)
FNDA:0,(anonymous_2)
FNDA:2,(anonymous_3)
DA:16,2
DA:17,2
DA:19,2
DA:27,4
DA:30,0
DA:44,2
LF:6
LH:5
BRDA:17,0,0,2
BRDA:17,0,1,0
BRDA:33,1,0,2
BRDA:33,1,1,2
BRDA:36,2,0,2
BRDA:36,2,1,2
BRDA:58,3,0,1
BRDA:58,3,1,1
BRF:8
BRH:7
end_of_record
TN:
SF:src/components/analytics/MonthlyReport.tsx
FN:13,ChangeIndicator
FN:25,MonthlyReport
FNF:2
FNH:2
FNDA:3,ChangeIndicator
FNDA:1,MonthlyReport
DA:14,3
DA:15,3
DA:16,3
DA:17,3
DA:26,1
DA:28,1
LF:6
LH:6
BRDA:14,0,0,0
BRDA:14,0,1,3
BRDA:16,1,0,1
BRDA:16,1,1,2
BRDA:18,2,0,3
BRDA:18,2,1,0
BRDA:19,3,0,2
BRDA:19,3,1,1
BRDA:26,4,0,0
BRDA:26,4,1,1
BRF:10
BRH:7
end_of_record
TN:
SF:src/components/analytics/MonthlySpendingChart.tsx
FN:21,MonthlySpendingChart
FN:22,(anonymous_1)
FN:34,(anonymous_2)
FNF:3
FNH:2
FNDA:2,MonthlySpendingChart
FNDA:1,(anonymous_1)
FNDA:0,(anonymous_2)
DA:22,2
DA:24,2
DA:34,0
LF:3
LH:2
BRDA:22,0,0,1
BRDA:22,0,1,0
BRF:2
BRH:1
end_of_record
TN:
SF:src/components/analytics/SavingsTrendChart.tsx
FN:20,SavingsTrendChart
FN:21,(anonymous_1)
FN:39,(anonymous_2)
FNF:3
FNH:2
FNDA:2,SavingsTrendChart
FNDA:1,(anonymous_1)
FNDA:0,(anonymous_2)
DA:21,2
DA:23,2
DA:39,0
LF:3
LH:2
BRF:0
BRH:0
end_of_record
TN:
SF:src/components/analytics/SmartInsights.tsx
FN:26,SmartInsights
FN:36,(anonymous_1)
FNF:2
FNH:2
FNDA:3,SmartInsights
FNDA:8,(anonymous_1)
DA:12,1
DA:19,1
DA:27,3
DA:37,8
LF:4
LH:4
BRDA:47,0,0,8
BRDA:47,0,1,6
BRF:2
BRH:2
end_of_record
TN:
SF:src/components/analytics/SpendingPatterns.tsx
FN:20,SpendingPatterns
FN:70,(anonymous_1)
FNF:2
FNH:1
FNDA:1,SpendingPatterns
FNDA:0,(anonymous_1)
DA:21,1
DA:24,1
DA:27,1
DA:29,1
DA:70,0
LF:5
LH:4
BRDA:21,0,0,0
BRDA:21,0,1,1
BRDA:24,1,0,1
BRDA:24,1,1,0
BRF:4
BRH:2
end_of_record
TN:
SF:src/components/analytics/SummaryGrid.tsx
FN:30,SummaryCard
FN:78,SummaryGrid
FNF:2
FNH:2
FNDA:100,SummaryCard
FNDA:10,SummaryGrid
DA:31,100
DA:32,100
DA:34,100
DA:79,10
LF:4
LH:4
BRDA:30,0,0,100
BRDA:31,1,0,100
BRDA:31,1,1,36
BRDA:32,2,0,100
BRDA:32,2,1,64
BRDA:51,3,0,100
BRDA:51,3,1,32
BRDA:58,4,0,23
BRDA:58,4,1,9
BRDA:59,5,0,32
BRDA:59,5,1,0
BRDA:62,6,0,100
BRDA:62,6,1,68
BRDA:62,6,2,4
BRDA:67,7,0,100
BRDA:67,7,1,100
BRDA:109,8,0,5
BRDA:109,8,1,5
BRDA:116,9,0,10
BRDA:116,9,1,0
BRDA:116,10,0,0
BRDA:116,10,1,0
BRF:22
BRH:18
end_of_record
TN:
SF:src/components/analytics/TimeRangeFilter.tsx
FN:24,TimeRangeFilter
FN:29,(anonymous_1)
FN:33,(anonymous_2)
FN:54,(anonymous_3)
FN:67,(anonymous_4)
FNF:5
FNH:4
FNDA:9,TimeRangeFilter
FNDA:90,(anonymous_1)
FNDA:1,(anonymous_2)
FNDA:1,(anonymous_3)
FNDA:0,(anonymous_4)
DA:11,2
DA:25,9
DA:30,90
DA:33,1
DA:55,1
DA:68,0
LF:6
LH:5
BRDA:37,0,0,9
BRDA:37,0,1,81
BRDA:47,1,0,9
BRDA:47,1,1,2
BRDA:53,2,0,2
BRDA:53,2,1,0
BRDA:57,3,0,1
BRDA:57,3,1,0
BRDA:66,4,0,2
BRDA:66,4,1,0
BRDA:69,5,0,0
BRDA:69,5,1,0
BRF:12
BRH:7
end_of_record
TN:
SF:src/components/analytics/TopCategories.tsx
FN:11,TopCategories
FN:17,(anonymous_1)
FNF:2
FNH:2
FNDA:2,TopCategories
FNDA:2,(anonymous_1)
DA:12,2
DA:14,2
DA:18,2
LF:3
LH:3
BRF:0
BRH:0
end_of_record
TN:
SF:src/components/analytics/WeeklySpendingChart.tsx
FN:20,WeeklySpendingChart
FN:21,(anonymous_1)
FN:33,(anonymous_2)
FNF:3
FNH:2
FNDA:2,WeeklySpendingChart
FNDA:1,(anonymous_1)
FNDA:0,(anonymous_2)
DA:21,2
DA:23,2
DA:33,0
LF:3
LH:2
BRF:0
BRH:0
end_of_record
TN:
SF:src/components/analytics/YearlyReport.tsx
FN:22,YearlyReport
FN:25,(anonymous_1)
FN:59,(anonymous_2)
FNF:3
FNH:2
FNDA:1,YearlyReport
FNDA:12,(anonymous_1)
FNDA:0,(anonymous_2)
DA:23,1
DA:25,12
DA:27,1
DA:59,0
LF:4
LH:3
BRDA:23,0,0,0
BRDA:23,0,1,1
BRDA:25,1,0,12
BRDA:25,1,1,0
BRDA:50,2,0,1
BRDA:50,2,1,1
BRF:6
BRH:4
end_of_record
TN:
SF:src/components/auth/GoogleSignInButton.tsx
FN:14,GoogleSignInButton
FN:18,handleClick
FN:65,GoogleIcon
FNF:3
FNH:3
FNDA:45,GoogleSignInButton
FNDA:4,handleClick
FNDA:41,GoogleIcon
DA:15,45
DA:16,45
DA:19,4
DA:20,4
DA:21,4
DA:22,4
DA:23,4
DA:24,2
DA:25,1
DA:26,1
DA:30,1
DA:31,1
DA:35,45
DA:66,41
LF:14
LH:14
BRDA:19,0,0,0
BRDA:19,0,1,4
BRDA:24,1,0,1
BRDA:24,1,1,1
BRDA:50,2,0,4
BRDA:50,2,1,41
BRDA:57,3,0,45
BRDA:57,3,1,2
BRF:8
BRH:7
end_of_record
TN:
SF:src/components/auth/ProtectedRoute.tsx
FN:10,ProtectedRoute
FNF:1
FNH:1
FNDA:4,ProtectedRoute
DA:11,4
DA:13,4
DA:14,2
DA:21,2
DA:22,1
DA:25,1
LF:6
LH:6
BRDA:13,0,0,2
BRDA:13,0,1,2
BRDA:21,1,0,1
BRDA:21,1,1,1
BRF:4
BRH:4
end_of_record
TN:
SF:src/components/categories/CategoryForm.tsx
FN:28,CategoryForm
FN:57,(anonymous_1)
FN:59,(anonymous_2)
FN:91,(anonymous_3)
FN:104,(anonymous_4)
FNF:5
FNH:4
FNDA:19,CategoryForm
FNDA:380,(anonymous_1)
FNDA:513,(anonymous_2)
FNDA:304,(anonymous_3)
FNDA:0,(anonymous_4)
DA:12,3
DA:40,19
DA:50,19
DA:52,19
DA:57,380
DA:59,513
DA:62,19
DA:92,304
DA:104,0
LF:9
LH:8
BRDA:32,0,0,19
BRDA:43,1,0,19
BRDA:43,1,1,13
BRDA:44,2,0,19
BRDA:44,2,1,13
BRDA:45,3,0,19
BRDA:45,3,1,13
BRDA:46,4,0,19
BRDA:46,4,1,13
BRDA:72,5,0,19
BRDA:72,5,1,13
BRDA:99,6,0,19
BRDA:99,6,1,285
BRDA:110,7,0,19
BRDA:110,7,1,0
BRDA:126,8,0,6
BRDA:126,8,1,13
BRF:17
BRH:16
end_of_record
TN:
SF:src/components/categories/CategoryList.tsx
FN:21,CategoryList
FN:31,handleUpdate
FN:44,handleDelete
FN:50,handleHide
FN:56,handleCopy
FN:60,(anonymous_5)
FN:61,(anonymous_6)
FN:78,(anonymous_7)
FN:95,(anonymous_8)
FN:104,(anonymous_9)
FN:125,(anonymous_10)
FN:139,(anonymous_11)
FN:146,(anonymous_12)
FN:162,(anonymous_13)
FN:178,(anonymous_14)
FN:187,(anonymous_15)
FN:195,(anonymous_16)
FN:212,(anonymous_17)
FN:220,(anonymous_18)
FNF:19
FNH:13
FNDA:25,CategoryList
FNDA:0,handleUpdate
FNDA:1,handleDelete
FNDA:0,handleHide
FNDA:1,handleCopy
FNDA:27,(anonymous_5)
FNDA:27,(anonymous_6)
FNDA:5,(anonymous_7)
FNDA:1,(anonymous_8)
FNDA:1,(anonymous_9)
FNDA:22,(anonymous_10)
FNDA:2,(anonymous_11)
FNDA:3,(anonymous_12)
FNDA:0,(anonymous_13)
FNDA:1,(anonymous_14)
FNDA:0,(anonymous_15)
FNDA:1,(anonymous_16)
FNDA:0,(anonymous_17)
FNDA:0,(anonymous_18)
DA:22,25
DA:23,25
DA:24,25
DA:26,25
DA:27,25
DA:28,25
DA:29,25
DA:32,0
DA:33,0
DA:41,0
DA:45,1
DA:46,1
DA:47,1
DA:51,0
DA:52,0
DA:53,0
DA:57,1
DA:60,27
DA:61,27
DA:63,25
DA:79,5
DA:95,1
DA:104,1
DA:126,22
DA:139,2
DA:146,3
DA:162,0
DA:178,1
DA:187,0
DA:195,1
DA:212,0
DA:220,0
LF:32
LH:22
BRDA:32,0,0,0
BRDA:32,0,1,0
BRDA:45,1,0,0
BRDA:45,1,1,1
BRDA:51,2,0,0
BRDA:51,2,1,0
BRDA:66,3,0,25
BRDA:66,3,1,5
BRDA:119,4,0,25
BRDA:119,4,1,20
BRDA:120,5,0,20
BRDA:120,5,1,0
BRDA:165,6,0,25
BRDA:165,6,1,2
BRF:14
BRH:8
end_of_record
TN:
SF:src/components/dashboard/CategoryChart.tsx
FN:9,CategoryChart
FN:48,(anonymous_1)
FN:53,(anonymous_2)
FN:65,(anonymous_3)
FNF:4
FNH:3
FNDA:3,CategoryChart
FNDA:2,(anonymous_1)
FNDA:0,(anonymous_2)
FNDA:2,(anonymous_3)
DA:10,3
DA:11,3
DA:12,3
DA:14,3
DA:16,2
DA:49,2
DA:53,0
DA:66,2
LF:8
LH:7
BRDA:14,0,0,1
BRDA:14,0,1,2
BRDA:22,1,0,1
BRDA:22,1,1,1
BRDA:22,2,0,2
BRDA:22,2,1,2
BRDA:46,3,0,0
BRDA:46,3,1,1
BRF:8
BRH:7
end_of_record
TN:
SF:src/components/dashboard/MonthlyChart.tsx
FN:8,MonthlyChart
FN:32,(anonymous_1)
FN:66,(anonymous_2)
FNF:3
FNH:2
FNDA:3,MonthlyChart
FNDA:2,(anonymous_1)
FNDA:0,(anonymous_2)
DA:9,3
DA:10,3
DA:12,3
DA:14,2
DA:32,2
DA:66,0
LF:6
LH:5
BRDA:12,0,0,1
BRDA:12,0,1,2
BRDA:32,1,0,1
BRDA:32,1,1,1
BRDA:32,2,0,2
BRDA:32,2,1,2
BRDA:32,3,0,2
BRDA:32,3,1,1
BRF:8
BRH:8
end_of_record
TN:
SF:src/components/dashboard/RecentTransactions.tsx
FN:12,RecentTransactions
FN:48,(anonymous_1)
FNF:2
FNH:2
FNDA:3,RecentTransactions
FNDA:1,(anonymous_1)
DA:13,3
DA:14,3
DA:16,3
DA:18,2
DA:49,1
LF:5
LH:5
BRDA:16,0,0,1
BRDA:16,0,1,2
BRDA:30,1,0,1
BRDA:30,1,1,1
BRDA:30,2,0,2
BRDA:30,2,1,2
BRDA:51,3,0,1
BRDA:51,3,1,0
BRDA:60,4,0,0
BRDA:60,4,1,1
BRDA:63,5,0,0
BRDA:63,5,1,1
BRF:12
BRH:9
end_of_record
TN:
SF:src/components/dashboard/StatCard.tsx
FN:13,StatCard
FNF:1
FNH:1
FNDA:14,StatCard
DA:14,14
LF:1
LH:1
BRDA:13,0,0,14
BRDA:27,1,0,14
BRDA:27,1,1,9
BRDA:58,2,0,14
BRDA:58,2,1,5
BRDA:58,2,2,9
BRDA:65,3,0,9
BRDA:65,3,1,0
BRF:8
BRH:7
end_of_record
TN:
SF:src/components/transactions/CSVImportModal.tsx
FN:31,parseCSVLine
FN:56,validateDate
FN:63,parseCSV
FN:64,(anonymous_3)
FN:73,(anonymous_4)
FN:121,CSVImportModal
FN:134,(anonymous_6)
FN:139,(anonymous_7)
FN:141,(anonymous_8)
FN:148,handleFileSelect
FN:158,(anonymous_10)
FN:173,handleImport
FN:176,(anonymous_12)
FN:226,handleClose
FN:235,(anonymous_14)
FN:236,(anonymous_15)
FN:288,(anonymous_16)
FN:329,(anonymous_17)
FN:375,(anonymous_18)
FNF:19
FNH:2
FNDA:0,parseCSVLine
FNDA:0,validateDate
FNDA:0,parseCSV
FNDA:0,(anonymous_3)
FNDA:0,(anonymous_4)
FNDA:13,CSVImportModal
FNDA:13,(anonymous_6)
FNDA:0,(anonymous_7)
FNDA:0,(anonymous_8)
FNDA:0,handleFileSelect
FNDA:0,(anonymous_10)
FNDA:0,handleImport
FNDA:0,(anonymous_12)
FNDA:0,handleClose
FNDA:0,(anonymous_14)
FNDA:0,(anonymous_15)
FNDA:0,(anonymous_16)
FNDA:0,(anonymous_17)
FNDA:0,(anonymous_18)
DA:32,0
DA:33,0
DA:34,0
DA:36,0
DA:37,0
DA:38,0
DA:39,0
DA:40,0
DA:41,0
DA:43,0
DA:45,0
DA:46,0
DA:47,0
DA:49,0
DA:52,0
DA:53,0
DA:57,0
DA:58,0
DA:59,0
DA:60,0
DA:64,0
DA:65,0
DA:66,0
DA:68,0
DA:69,0
DA:70,0
DA:73,0
DA:74,0
DA:75,0
DA:76,0
DA:77,0
DA:78,0
DA:79,0
DA:81,0
DA:82,0
DA:83,0
DA:86,0
DA:87,0
DA:88,0
DA:89,0
DA:90,0
DA:91,0
DA:92,0
DA:93,0
DA:95,0
DA:105,0
DA:106,0
DA:107,0
DA:108,0
DA:109,0
DA:111,0
DA:112,0
DA:115,0
DA:118,0
DA:122,13
DA:123,13
DA:124,13
DA:125,13
DA:126,13
DA:127,13
DA:129,13
DA:130,13
DA:131,13
DA:132,13
DA:134,13
DA:135,13
DA:139,13
DA:141,0
DA:142,0
DA:149,0
DA:150,0
DA:152,0
DA:153,0
DA:154,0
DA:157,0
DA:158,0
DA:159,0
DA:160,0
DA:161,0
DA:162,0
DA:163,0
DA:165,0
DA:168,0
DA:169,0
DA:174,0
DA:176,0
DA:177,0
DA:178,0
DA:179,0
DA:182,0
DA:183,0
DA:184,0
DA:185,0
DA:187,0
DA:188,0
DA:189,0
DA:191,0
DA:201,0
DA:202,0
DA:204,0
DA:207,0
DA:210,0
DA:211,0
DA:214,0
DA:215,0
DA:216,0
DA:218,0
DA:219,0
DA:221,0
DA:222,0
DA:227,0
DA:228,0
DA:229,0
DA:230,0
DA:231,0
DA:232,0
DA:235,13
DA:236,13
DA:238,13
DA:289,0
DA:330,0
DA:375,0
LF:122
LH:16
BRDA:38,0,0,0
BRDA:38,0,1,0
BRDA:39,1,0,0
BRDA:39,1,1,0
BRDA:39,2,0,0
BRDA:39,2,1,0
BRDA:45,3,0,0
BRDA:45,3,1,0
BRDA:45,4,0,0
BRDA:45,4,1,0
BRDA:58,5,0,0
BRDA:58,5,1,0
BRDA:68,6,0,0
BRDA:68,6,1,0
BRDA:81,7,0,0
BRDA:81,7,1,0
BRDA:81,8,0,0
BRDA:81,8,1,0
BRDA:81,8,2,0
BRDA:81,8,3,0
BRDA:88,9,0,0
BRDA:88,9,1,0
BRDA:89,10,0,0
BRDA:89,10,1,0
BRDA:90,11,0,0
BRDA:90,11,1,0
BRDA:90,12,0,0
BRDA:90,12,1,0
BRDA:91,13,0,0
BRDA:91,13,1,0
BRDA:92,14,0,0
BRDA:92,14,1,0
BRDA:93,15,0,0
BRDA:93,15,1,0
BRDA:93,16,0,0
BRDA:93,16,1,0
BRDA:106,17,0,0
BRDA:106,17,1,0
BRDA:107,18,0,0
BRDA:107,18,1,0
BRDA:107,19,0,0
BRDA:107,19,1,0
BRDA:108,20,0,0
BRDA:108,20,1,0
BRDA:109,21,0,0
BRDA:109,21,1,0
BRDA:109,22,0,0
BRDA:109,22,1,0
BRDA:111,23,0,0
BRDA:111,23,1,0
BRDA:135,24,0,13
BRDA:135,24,1,0
BRDA:135,25,0,13
BRDA:135,25,1,0
BRDA:142,26,0,0
BRDA:142,26,1,0
BRDA:150,27,0,0
BRDA:150,27,1,0
BRDA:152,28,0,0
BRDA:152,28,1,0
BRDA:152,29,0,0
BRDA:152,29,1,0
BRDA:168,30,0,0
BRDA:168,30,1,0
BRDA:174,31,0,0
BRDA:174,31,1,0
BRDA:177,32,0,0
BRDA:177,32,1,0
BRDA:196,33,0,0
BRDA:196,33,1,0
BRDA:198,34,0,0
BRDA:198,34,1,0
BRDA:201,35,0,0
BRDA:201,35,1,0
BRDA:218,36,0,0
BRDA:218,36,1,0
BRDA:219,37,0,0
BRDA:219,37,1,0
BRDA:221,38,0,0
BRDA:221,38,1,0
BRDA:222,39,0,0
BRDA:222,39,1,0
BRDA:241,40,0,13
BRDA:241,40,1,13
BRDA:284,41,0,13
BRDA:284,41,1,0
BRDA:286,42,0,0
BRDA:286,42,1,0
BRDA:297,43,0,0
BRDA:297,43,1,0
BRDA:304,44,0,0
BRDA:304,44,1,0
BRDA:332,45,0,0
BRDA:332,45,1,0
BRDA:339,46,0,0
BRDA:339,46,1,0
BRDA:345,47,0,0
BRDA:345,47,1,0
BRDA:348,48,0,0
BRDA:348,48,1,0
BRDA:350,49,0,0
BRDA:350,49,1,0
BRDA:366,50,0,0
BRDA:366,50,1,0
BRDA:369,51,0,0
BRDA:369,51,1,0
BRDA:384,52,0,0
BRDA:384,52,1,0
BRDA:392,53,0,13
BRDA:392,53,1,0
BRDA:410,54,0,13
BRDA:410,54,1,0
BRDA:419,55,0,0
BRDA:419,55,1,0
BRF:114
BRH:7
end_of_record
TN:
SF:src/components/transactions/TransactionFilters.tsx
FN:15,TransactionFilterBar
FN:31,(anonymous_1)
FN:49,handleSortChange
FN:54,handleDateModeChange
FN:67,clearFilters
FN:81,(anonymous_5)
FN:103,(anonymous_6)
FN:106,(anonymous_7)
FN:113,(anonymous_8)
FN:116,(anonymous_9)
FN:124,(anonymous_10)
FN:134,(anonymous_11)
FN:137,(anonymous_12)
FN:152,(anonymous_13)
FN:169,(anonymous_14)
FNF:15
FNH:9
FNDA:17,TransactionFilterBar
FNDA:4,(anonymous_1)
FNDA:1,handleSortChange
FNDA:0,handleDateModeChange
FNDA:0,clearFilters
FNDA:1,(anonymous_5)
FNDA:1,(anonymous_6)
FNDA:51,(anonymous_7)
FNDA:0,(anonymous_8)
FNDA:21,(anonymous_9)
FNDA:0,(anonymous_10)
FNDA:1,(anonymous_11)
FNDA:102,(anonymous_12)
FNDA:0,(anonymous_13)
FNDA:0,(anonymous_14)
DA:16,17
DA:17,17
DA:21,17
DA:27,17
DA:29,17
DA:31,4
DA:34,17
DA:40,17
DA:50,1
DA:51,1
DA:55,0
DA:56,0
DA:57,0
DA:58,0
DA:60,0
DA:61,0
DA:65,17
DA:68,0
DA:69,0
DA:72,17
DA:81,1
DA:103,1
DA:107,51
DA:113,0
DA:117,21
DA:124,0
DA:134,1
DA:138,102
DA:153,0
DA:154,0
DA:155,0
DA:157,0
DA:169,0
LF:33
LH:18
BRDA:21,0,0,0
BRDA:21,0,1,17
BRDA:21,1,0,17
BRDA:21,1,1,0
BRDA:21,1,2,0
BRDA:23,2,0,0
BRDA:23,2,1,17
BRDA:27,3,0,17
BRDA:27,3,1,17
BRDA:31,4,0,17
BRDA:31,4,1,0
BRDA:56,5,0,0
BRDA:56,5,1,0
BRDA:58,6,0,0
BRDA:58,6,1,0
BRDA:65,7,0,17
BRDA:65,7,1,17
BRDA:65,7,2,0
BRDA:65,7,3,17
BRDA:65,7,4,17
BRDA:65,7,5,17
BRDA:80,8,0,17
BRDA:80,8,1,17
BRDA:85,9,0,17
BRDA:85,9,1,0
BRDA:102,10,0,17
BRDA:102,10,1,17
BRDA:112,11,0,17
BRDA:112,11,1,17
BRDA:113,12,0,0
BRDA:113,12,1,0
BRDA:133,13,0,17
BRDA:133,13,1,0
BRDA:133,14,0,17
BRDA:133,14,1,0
BRDA:145,15,0,17
BRDA:145,15,1,0
BRDA:150,16,0,0
BRDA:150,16,1,0
BRDA:151,17,0,0
BRDA:151,17,1,0
BRDA:153,18,0,0
BRDA:153,18,1,0
BRDA:154,19,0,0
BRDA:154,19,1,0
BRDA:162,20,0,0
BRDA:162,20,1,0
BRDA:168,21,0,0
BRDA:168,21,1,0
BRDA:169,22,0,0
BRDA:169,22,1,0
BRDA:178,23,0,17
BRDA:178,23,1,11
BRDA:181,24,0,4
BRDA:181,24,1,7
BRF:55
BRH:25
end_of_record
TN:
SF:src/components/transactions/TransactionForm.tsx
FN:32,getCurrencyIcon
FN:42,TransactionForm
FN:69,(anonymous_2)
FN:75,(anonymous_3)
FNF:4
FNH:3
FNDA:17,getCurrencyIcon
FNDA:17,TransactionForm
FNDA:11,(anonymous_2)
FNDA:0,(anonymous_3)
DA:14,3
DA:33,17
DA:34,11
DA:35,0
DA:36,0
DA:37,0
DA:38,6
DA:48,17
DA:54,17
DA:66,17
DA:67,17
DA:69,17
DA:74,17
DA:75,0
LF:14
LH:10
BRDA:33,0,0,11
BRDA:33,0,1,0
BRDA:33,0,2,0
BRDA:33,0,3,0
BRDA:33,0,4,6
BRDA:46,1,0,17
BRDA:57,2,0,17
BRDA:57,2,1,13
BRDA:58,3,0,4
BRDA:58,3,1,13
BRDA:59,4,0,17
BRDA:59,4,1,13
BRDA:60,5,0,17
BRDA:60,5,1,13
BRDA:61,6,0,17
BRDA:61,6,1,13
BRDA:62,7,0,17
BRDA:62,7,1,17
BRDA:69,8,0,17
BRDA:69,8,1,0
BRDA:141,9,0,4
BRDA:141,9,1,13
BRF:22
BRH:18
end_of_record
TN:
SF:src/components/transactions/TransactionList.tsx
FN:19,TransactionList
FN:27,handleUpdate
FN:43,handleDelete
FN:77,(anonymous_3)
FN:123,(anonymous_4)
FN:130,(anonymous_5)
FN:147,(anonymous_6)
FN:180,(anonymous_7)
FN:187,(anonymous_8)
FN:201,(anonymous_9)
FN:208,(anonymous_10)
FN:217,(anonymous_11)
FN:225,(anonymous_12)
FN:231,(anonymous_13)
FNF:14
FNH:8
FNDA:22,TransactionList
FNDA:0,handleUpdate
FNDA:1,handleDelete
FNDA:24,(anonymous_3)
FNDA:1,(anonymous_4)
FNDA:3,(anonymous_5)
FNDA:24,(anonymous_6)
FNDA:0,(anonymous_7)
FNDA:0,(anonymous_8)
FNDA:0,(anonymous_9)
FNDA:0,(anonymous_10)
FNDA:0,(anonymous_11)
FNDA:1,(anonymous_12)
FNDA:1,(anonymous_13)
DA:20,22
DA:21,22
DA:22,22
DA:24,22
DA:25,22
DA:28,0
DA:29,0
DA:40,0
DA:44,1
DA:45,1
DA:48,22
DA:78,24
DA:123,1
DA:130,3
DA:148,24
DA:180,0
DA:187,0
DA:201,0
DA:208,0
DA:217,0
DA:225,1
DA:231,1
LF:22
LH:14
BRDA:28,0,0,0
BRDA:28,0,1,0
BRDA:35,1,0,0
BRDA:35,1,1,0
BRDA:37,2,0,0
BRDA:37,2,1,0
BRDA:81,3,0,24
BRDA:81,3,1,7
BRDA:86,4,0,24
BRDA:86,4,1,0
BRDA:93,5,0,17
BRDA:93,5,1,7
BRDA:114,6,0,2
BRDA:114,6,1,22
BRDA:117,7,0,2
BRDA:117,7,1,22
BRDA:152,8,0,24
BRDA:152,8,1,7
BRDA:160,9,0,2
BRDA:160,9,1,22
BRDA:163,10,0,2
BRDA:163,10,1,22
BRDA:168,11,0,24
BRDA:168,11,1,17
BRDA:204,12,0,22
BRDA:204,12,1,1
BRDA:231,13,0,1
BRDA:231,13,1,1
BRF:28
BRH:21
end_of_record
TN:
SF:src/components/ui/AnimatedPage.tsx
FN:14,AnimatedPage
FNF:1
FNH:1
FNDA:110,AnimatedPage
DA:15,110
LF:1
LH:1
BRF:0
BRH:0
end_of_record
TN:
SF:src/components/ui/Avatar.tsx
FN:14,Avatar
FNF:1
FNH:1
FNDA:77,Avatar
DA:15,77
DA:17,77
LF:2
LH:2
BRDA:14,0,0,77
BRDA:14,1,0,77
BRF:2
BRH:2
end_of_record
TN:
SF:src/components/ui/Badge.tsx
FN:9,Badge
FNF:1
FNH:1
FNDA:81,Badge
DA:10,81
LF:1
LH:1
BRDA:14,0,0,10
BRDA:14,0,1,71
BRDA:20,1,0,10
BRDA:20,1,1,71
BRF:4
BRH:4
end_of_record
TN:
SF:src/components/ui/Button.tsx
FN:11,Button
FNF:1
FNH:1
FNDA:264,Button
DA:20,264
LF:1
LH:1
BRDA:12,0,0,264
BRDA:13,1,0,264
BRDA:14,2,0,264
BRDA:39,3,0,264
BRDA:39,3,1,261
BRDA:42,4,0,264
BRDA:42,4,1,7
BRF:7
BRH:7
end_of_record
TN:
SF:src/components/ui/Card.tsx
FN:10,Card
FNF:1
FNH:1
FNDA:55,Card
DA:11,55
LF:1
LH:1
BRDA:10,0,0,55
BRDA:15,1,0,55
BRDA:15,1,1,52
BRF:3
BRH:3
end_of_record
TN:
SF:src/components/ui/ConfirmDialog.tsx
FN:18,ConfirmDialog
FNF:1
FNH:1
FNDA:8,ConfirmDialog
DA:29,8
LF:1
LH:1
BRDA:22,0,0,8
BRDA:23,1,0,8
BRDA:24,2,0,8
BRDA:25,3,0,8
BRDA:26,4,0,8
BRDA:27,5,0,8
BRDA:32,6,0,8
BRDA:32,6,1,7
BRDA:44,7,0,7
BRDA:44,7,1,1
BRF:10
BRH:10
end_of_record
TN:
SF:src/components/ui/Divider.tsx
FN:5,Divider
FNF:1
FNH:1
FNDA:34,Divider
DA:6,34
LF:1
LH:1
BRDA:5,0,0,34
BRF:1
BRH:1
end_of_record
TN:
SF:src/components/ui/Dropdown.tsx
FN:13,Dropdown
FN:18,(anonymous_1)
FN:19,handleClickOutside
FN:25,handleEscape
FN:34,(anonymous_4)
FN:41,(anonymous_5)
FN:48,(anonymous_6)
FN:73,(anonymous_7)
FN:109,DropdownItem
FNF:9
FNH:9
FNDA:33,Dropdown
FNDA:33,(anonymous_1)
FNDA:3,handleClickOutside
FNDA:8,handleEscape
FNDA:33,(anonymous_4)
FNDA:33,(anonymous_5)
FNDA:8,(anonymous_6)
FNDA:15,(anonymous_7)
FNDA:19,DropdownItem
DA:14,33
DA:15,33
DA:16,33
DA:18,33
DA:20,3
DA:21,1
DA:26,8
DA:29,33
DA:30,14
DA:31,14
DA:34,33
DA:35,33
DA:36,33
DA:41,33
DA:42,33
DA:43,14
DA:44,14
DA:48,33
DA:49,8
DA:50,8
DA:51,8
DA:52,8
DA:54,8
DA:55,4
DA:56,4
DA:57,4
DA:58,1
DA:59,1
DA:60,3
DA:61,1
DA:62,1
DA:63,2
DA:64,1
DA:65,1
DA:69,33
DA:73,15
DA:116,19
LF:37
LH:37
BRDA:13,0,0,33
BRDA:20,1,0,1
BRDA:20,1,1,2
BRDA:20,2,0,3
BRDA:20,2,1,3
BRDA:26,3,0,1
BRDA:26,3,1,7
BRDA:29,4,0,14
BRDA:29,4,1,19
BRDA:42,5,0,14
BRDA:42,5,1,19
BRDA:42,6,0,33
BRDA:42,6,1,14
BRDA:49,7,0,0
BRDA:49,7,1,8
BRDA:49,8,0,8
BRDA:49,8,1,8
BRDA:54,9,0,4
BRDA:54,9,1,4
BRDA:57,10,0,1
BRDA:57,10,1,3
BRDA:60,11,0,1
BRDA:60,11,1,2
BRDA:63,12,0,1
BRDA:63,12,1,1
BRDA:81,13,0,33
BRDA:81,13,1,14
BRDA:112,14,0,19
BRDA:113,15,0,19
BRDA:133,16,0,19
BRDA:133,16,1,1
BRF:31
BRH:30
end_of_record
TN:
SF:src/components/ui/EmptyState.tsx
FN:10,EmptyState
FNF:1
FNH:1
FNDA:12,EmptyState
DA:11,12
LF:1
LH:1
BRF:0
BRH:0
end_of_record
TN:
SF:src/components/ui/ErrorState.tsx
FN:12,ErrorState
FNF:1
FNH:1
FNDA:11,ErrorState
DA:18,11
LF:1
LH:1
BRDA:13,0,0,11
BRDA:14,1,0,11
BRDA:21,2,0,11
BRDA:21,2,1,10
BRDA:25,3,0,11
BRDA:25,3,1,7
BRF:6
BRH:6
end_of_record
TN:
SF:src/components/ui/FormAlert.tsx
FN:15,FormAlert
FNF:1
FNH:1
FNDA:4,FormAlert
DA:16,4
LF:1
LH:1
BRDA:15,0,0,4
BRDA:30,1,0,4
BRDA:30,1,1,4
BRDA:31,2,0,4
BRDA:31,2,1,0
BRDA:32,3,0,4
BRDA:32,3,1,0
BRF:7
BRH:5
end_of_record
TN:
SF:src/components/ui/Input.tsx
FN:11,Input
FNF:1
FNH:1
FNDA:288,Input
DA:12,288
DA:14,288
LF:2
LH:2
BRDA:12,0,0,288
BRDA:12,0,1,287
BRDA:16,1,0,288
BRDA:16,1,1,270
BRDA:22,2,0,288
BRDA:22,2,1,231
BRDA:34,3,0,14
BRDA:34,3,1,274
BRDA:37,4,0,288
BRDA:37,4,1,231
BRDA:40,5,0,14
BRDA:40,5,1,274
BRDA:42,6,0,14
BRDA:42,6,1,274
BRDA:42,7,0,30
BRDA:42,7,1,244
BRDA:47,8,0,288
BRDA:47,8,1,14
BRDA:56,9,0,288
BRDA:56,9,1,274
BRDA:56,9,2,30
BRF:21
BRH:21
end_of_record
TN:
SF:src/components/ui/Modal.tsx
FN:14,Modal
FN:17,(anonymous_1)
FN:20,handleEscape
FN:27,(anonymous_3)
FN:33,(anonymous_4)
FNF:5
FNH:5
FNDA:173,Modal
FNDA:173,(anonymous_1)
FNDA:1,handleEscape
FNDA:28,(anonymous_3)
FNDA:136,(anonymous_4)
DA:15,173
DA:17,173
DA:18,173
DA:21,1
DA:24,28
DA:25,28
DA:27,28
DA:28,28
DA:29,28
DA:33,173
DA:34,136
DA:35,28
DA:39,173
LF:13
LH:13
BRDA:14,0,0,173
BRDA:18,1,0,145
BRDA:18,1,1,28
BRDA:21,2,0,1
BRDA:21,2,1,0
BRDA:34,3,0,28
BRDA:34,3,1,108
BRDA:34,4,0,136
BRDA:34,4,1,28
BRDA:41,5,0,173
BRDA:41,5,1,28
BRF:11
BRH:10
end_of_record
TN:
SF:src/components/ui/PageHeader.tsx
FN:9,PageHeader
FNF:1
FNH:1
FNDA:34,PageHeader
DA:10,34
LF:1
LH:1
BRDA:14,0,0,34
BRDA:14,0,1,31
BRDA:18,1,0,34
BRDA:18,1,1,26
BRF:4
BRH:4
end_of_record
TN:
SF:src/components/ui/SectionHeader.tsx
FN:13,SectionHeader
FNF:1
FNH:1
FNDA:6,SectionHeader
DA:14,6
LF:1
LH:1
BRDA:18,0,0,6
BRDA:18,0,1,0
BRDA:22,1,0,6
BRDA:22,1,1,3
BRF:4
BRH:3
end_of_record
TN:
SF:src/components/ui/Select.tsx
FN:12,Select
FN:49,(anonymous_1)
FNF:2
FNH:2
FNDA:71,Select
FNDA:541,(anonymous_1)
DA:21,71
DA:23,71
DA:50,541
LF:3
LH:3
BRDA:21,0,0,71
BRDA:21,0,1,71
BRDA:25,1,0,71
BRDA:25,1,1,69
BRDA:37,2,0,2
BRDA:37,2,1,69
BRDA:42,3,0,2
BRDA:42,3,1,69
BRDA:43,4,0,2
BRDA:43,4,1,69
BRDA:46,5,0,71
BRDA:46,5,1,18
BRDA:59,6,0,71
BRDA:59,6,1,2
BRF:14
BRH:14
end_of_record
TN:
SF:src/components/ui/Skeleton.tsx
FN:11,Skeleton
FN:18,(anonymous_1)
FN:22,(anonymous_2)
FN:43,SkeletonCard
FN:57,SkeletonTable
FN:70,(anonymous_5)
FN:85,SkeletonChart
FN:99,(anonymous_7)
FN:112,SkeletonPieChart
FN:122,(anonymous_9)
FN:136,SkeletonProfile
FN:197,SkeletonCategoryGrid
FN:200,(anonymous_12)
FN:214,SkeletonRecentTransactions
FN:221,(anonymous_14)
FNF:15
FNH:15
FNDA:5,Skeleton
FNDA:7,(anonymous_1)
FNDA:7,(anonymous_2)
FNDA:5,SkeletonCard
FNDA:3,SkeletonTable
FNDA:14,(anonymous_5)
FNDA:1,SkeletonChart
FNDA:12,(anonymous_7)
FNDA:1,SkeletonPieChart
FNDA:4,(anonymous_9)
FNDA:2,SkeletonProfile
FNDA:1,SkeletonCategoryGrid
FNDA:6,(anonymous_12)
FNDA:1,SkeletonRecentTransactions
FNDA:5,(anonymous_14)
DA:18,7
DA:20,5
DA:23,7
DA:44,5
DA:58,3
DA:71,14
DA:86,1
DA:100,12
DA:113,1
DA:123,4
DA:137,2
DA:198,1
DA:201,6
DA:215,1
DA:222,5
LF:15
LH:15
BRDA:13,0,0,5
BRDA:16,1,0,5
BRDA:34,2,0,7
BRDA:34,2,1,6
BRDA:34,3,0,7
BRDA:34,3,1,6
BRDA:57,4,0,3
BRDA:197,5,0,1
BRF:8
BRH:8
end_of_record
TN:
SF:src/components/ui/Spinner.tsx
FN:9,Spinner
FNF:1
FNH:1
FNDA:7,Spinner
DA:10,7
LF:1
LH:1
BRDA:9,0,0,7
BRF:1
BRH:1
end_of_record
TN:
SF:src/components/ui/StatusDot.tsx
FN:13,StatusDot
FNF:1
FNH:1
FNDA:4,StatusDot
DA:14,4
LF:1
LH:1
BRDA:13,0,0,4
BRF:1
BRH:1
end_of_record
TN:
SF:src/components/ui/TextArea.tsx
FN:9,TextArea
FNF:1
FNH:1
FNDA:24,TextArea
DA:10,24
DA:12,24
LF:2
LH:2
BRDA:10,0,0,24
BRDA:10,0,1,24
BRDA:14,1,0,24
BRDA:14,1,1,23
BRDA:25,2,0,2
BRDA:25,2,1,22
BRDA:31,3,0,2
BRDA:31,3,1,22
BRDA:34,4,0,24
BRDA:34,4,1,2
BRF:10
BRH:10
end_of_record
TN:
SF:src/context/AuthContext.tsx
FN:20,AuthProvider
FN:25,(anonymous_1)
FN:26,(anonymous_2)
FN:33,(anonymous_3)
FN:38,(anonymous_4)
FN:44,(anonymous_5)
FN:47,signUp
FN:56,signIn
FN:61,signInWithGoogle
FN:75,signOut
FN:79,resetPassword
FN:86,updatePassword
FNF:12
FNH:9
FNDA:17,AuthProvider
FNDA:9,(anonymous_1)
FNDA:9,(anonymous_2)
FNDA:0,(anonymous_3)
FNDA:0,(anonymous_4)
FNDA:9,(anonymous_5)
FNDA:1,signUp
FNDA:2,signIn
FNDA:0,signInWithGoogle
FNDA:1,signOut
FNDA:1,resetPassword
FNDA:1,updatePassword
DA:18,30
DA:21,17
DA:22,17
DA:23,17
DA:25,17
DA:26,9
DA:27,9
DA:28,0
DA:30,9
DA:31,9
DA:32,9
DA:35,0
DA:38,9
DA:39,0
DA:40,0
DA:41,0
DA:44,9
DA:48,1
DA:53,1
DA:57,2
DA:58,2
DA:62,0
DA:72,0
DA:76,1
DA:80,1
DA:83,1
DA:87,1
DA:88,1
DA:91,17
LF:29
LH:22
BRDA:27,0,0,0
BRDA:27,0,1,9
BRDA:31,1,0,9
BRDA:31,1,1,8
BRDA:40,2,0,0
BRDA:40,2,1,0
BRDA:53,3,0,0
BRDA:53,3,1,1
BRDA:58,4,0,1
BRDA:58,4,1,1
BRDA:72,5,0,0
BRDA:72,5,1,0
BRDA:83,6,0,0
BRDA:83,6,1,1
BRDA:88,7,0,0
BRDA:88,7,1,1
BRF:16
BRH:8
end_of_record
TN:
SF:src/context/ThemeContext.tsx
FN:11,ThemeProvider
FN:12,(anonymous_1)
FN:20,(anonymous_2)
FNF:3
FNH:3
FNDA:7,ThemeProvider
FNDA:5,(anonymous_1)
FNDA:7,(anonymous_2)
DA:9,32
DA:12,7
DA:13,5
DA:14,5
DA:16,0
DA:20,7
DA:21,7
DA:22,7
DA:23,7
DA:29,7
LF:10
LH:9
BRF:0
BRH:0
end_of_record
TN:
SF:src/engines/analytics.ts
FN:22,toLocalISODate
FN:29,parseDate
FN:33,diffDays
FN:39,addDays
FN:45,getDateRange
FN:99,getPreviousPeriod
FN:110,filterTransactions
FN:115,(anonymous_7)
FN:127,pctChange
FN:132,computeSummary
FN:142,(anonymous_10)
FN:143,(anonymous_11)
FN:145,(anonymous_12)
FN:146,(anonymous_13)
FN:151,(anonymous_14)
FN:152,(anonymous_15)
FN:154,(anonymous_16)
FN:155,(anonymous_17)
FN:159,(anonymous_18)
FN:160,(anonymous_19)
FN:162,(anonymous_20)
FN:163,(anonymous_21)
FN:166,(anonymous_22)
FN:167,(anonymous_23)
FN:169,(anonymous_24)
FN:170,(anonymous_25)
FN:194,computeDailySeries
FN:214,(anonymous_27)
FN:221,computeWeeklySeries
FN:247,(anonymous_29)
FN:256,computeMonthlySeries
FN:281,(anonymous_31)
FN:288,computeSavingsTrend
FN:294,(anonymous_33)
FN:304,computeCategoryBreakdown
FN:308,(anonymous_35)
FN:323,(anonymous_36)
FN:326,(anonymous_37)
FN:327,(anonymous_38)
FN:340,(anonymous_39)
FN:347,computeHeatmap
FN:360,(anonymous_41)
FN:372,(anonymous_42)
FN:373,(anonymous_43)
FN:376,(anonymous_44)
FN:393,computeFinancialHealth
FN:448,(anonymous_46)
FN:482,generateInsights
FN:542,(anonymous_48)
FN:543,(anonymous_49)
FN:547,(anonymous_50)
FN:552,(anonymous_51)
FN:553,(anonymous_52)
FN:625,computeSpendingPatterns
FN:628,(anonymous_54)
FN:656,(anonymous_55)
FN:657,(anonymous_56)
FN:664,(anonymous_57)
FN:683,computeMonthlyReport
FN:688,(anonymous_59)
FN:688,(anonymous_60)
FN:689,(anonymous_61)
FN:689,(anonymous_62)
FN:693,(anonymous_63)
FN:693,(anonymous_64)
FN:694,(anonymous_65)
FN:694,(anonymous_66)
FN:699,(anonymous_67)
FN:714,(anonymous_68)
FN:769,computeYearlyReport
FN:779,(anonymous_70)
FN:780,(anonymous_71)
FN:783,(anonymous_72)
FN:784,(anonymous_73)
FN:784,(anonymous_74)
FN:785,(anonymous_75)
FN:785,(anonymous_76)
FN:789,(anonymous_77)
FN:790,(anonymous_78)
FN:791,(anonymous_79)
FN:793,(anonymous_80)
FN:794,(anonymous_81)
FN:795,(anonymous_82)
FN:815,getTransactionRankings
FN:820,(anonymous_84)
FN:826,(anonymous_85)
FN:841,generateCSV
FN:843,(anonymous_87)
FN:851,(anonymous_88)
FN:854,downloadFile
FNF:90
FNH:90
FNDA:6160,toLocalISODate
FNDA:7251,parseDate
FNDA:138,diffDays
FNDA:5938,addDays
FNDA:18,getDateRange
FNDA:9,getPreviousPeriod
FNDA:37,filterTransactions
FNDA:24,(anonymous_7)
FNDA:53,pctChange
FNDA:8,computeSummary
FNDA:8,(anonymous_10)
FNDA:3,(anonymous_11)
FNDA:8,(anonymous_12)
FNDA:5,(anonymous_13)
FNDA:2,(anonymous_14)
FNDA:1,(anonymous_15)
FNDA:2,(anonymous_16)
FNDA:1,(anonymous_17)
FNDA:9,(anonymous_18)
FNDA:4,(anonymous_19)
FNDA:9,(anonymous_20)
FNDA:5,(anonymous_21)
FNDA:8,(anonymous_22)
FNDA:5,(anonymous_23)
FNDA:8,(anonymous_24)
FNDA:3,(anonymous_25)
FNDA:12,computeDailySeries
FNDA:618,(anonymous_27)
FNDA:13,computeWeeklySeries
FNDA:96,(anonymous_29)
FNDA:24,computeMonthlySeries
FNDA:137,(anonymous_31)
FNDA:12,computeSavingsTrend
FNDA:68,(anonymous_33)
FNDA:25,computeCategoryBreakdown
FNDA:12,(anonymous_35)
FNDA:7,(anonymous_36)
FNDA:6,(anonymous_37)
FNDA:7,(anonymous_38)
FNDA:1,(anonymous_39)
FNDA:14,computeHeatmap
FNDA:9,(anonymous_41)
FNDA:5110,(anonymous_42)
FNDA:5110,(anonymous_43)
FNDA:5110,(anonymous_44)
FNDA:17,computeFinancialHealth
FNDA:68,(anonymous_46)
FNDA:15,generateInsights
FNDA:6,(anonymous_48)
FNDA:5,(anonymous_49)
FNDA:5,(anonymous_50)
FNDA:3,(anonymous_51)
FNDA:2,(anonymous_52)
FNDA:4,computeSpendingPatterns
FNDA:8,(anonymous_54)
FNDA:56,(anonymous_55)
FNDA:28,(anonymous_56)
FNDA:37,(anonymous_57)
FNDA:7,computeMonthlyReport
FNDA:10,(anonymous_59)
FNDA:3,(anonymous_60)
FNDA:10,(anonymous_61)
FNDA:7,(anonymous_62)
FNDA:6,(anonymous_63)
FNDA:2,(anonymous_64)
FNDA:6,(anonymous_65)
FNDA:4,(anonymous_66)
FNDA:10,(anonymous_67)
FNDA:10,(anonymous_68)
FNDA:13,computeYearlyReport
FNDA:8,(anonymous_70)
FNDA:156,(anonymous_71)
FNDA:96,(anonymous_72)
FNDA:8,(anonymous_73)
FNDA:4,(anonymous_74)
FNDA:8,(anonymous_75)
FNDA:4,(anonymous_76)
FNDA:156,(anonymous_77)
FNDA:156,(anonymous_78)
FNDA:156,(anonymous_79)
FNDA:185,(anonymous_80)
FNDA:183,(anonymous_81)
FNDA:187,(anonymous_82)
FNDA:25,getTransactionRankings
FNDA:10,(anonymous_84)
FNDA:11,(anonymous_85)
FNDA:4,generateCSV
FNDA:4,(anonymous_87)
FNDA:4,(anonymous_88)
FNDA:1,downloadFile
DA:23,6160
DA:24,6160
DA:25,6160
DA:26,6160
DA:30,7251
DA:34,138
DA:35,138
DA:36,138
DA:40,5938
DA:41,5938
DA:42,5938
DA:49,18
DA:50,18
DA:52,18
DA:54,1
DA:56,1
DA:57,1
DA:58,1
DA:59,1
DA:62,1
DA:63,1
DA:64,1
DA:67,1
DA:68,1
DA:69,1
DA:72,7
DA:73,7
DA:74,7
DA:77,1
DA:78,1
DA:79,1
DA:82,1
DA:83,1
DA:86,2
DA:87,2
DA:90,1
DA:91,1
DA:92,1
DA:95,2
DA:100,9
DA:101,9
DA:102,9
DA:103,9
DA:115,37
DA:116,24
DA:117,16
DA:118,14
DA:119,13
DA:128,53
DA:129,14
DA:138,8
DA:139,8
DA:141,8
DA:142,8
DA:143,3
DA:144,8
DA:145,8
DA:146,5
DA:147,8
DA:148,8
DA:150,8
DA:151,2
DA:152,1
DA:153,8
DA:154,2
DA:155,1
DA:156,8
DA:158,8
DA:159,9
DA:160,4
DA:161,8
DA:162,9
DA:163,5
DA:165,8
DA:166,8
DA:167,5
DA:168,8
DA:169,8
DA:170,3
DA:172,8
DA:198,12
DA:199,12
DA:201,12
DA:202,618
DA:203,618
DA:206,12
DA:207,6
DA:208,6
DA:209,6
DA:210,4
DA:214,12
DA:215,618
DA:216,618
DA:217,618
DA:225,13
DA:226,13
DA:228,13
DA:229,13
DA:230,96
DA:231,96
DA:232,96
DA:233,96
DA:234,96
DA:237,13
DA:238,6
DA:239,13
DA:240,6
DA:241,4
DA:242,6
DA:247,13
DA:248,96
DA:249,96
DA:250,96
DA:251,96
DA:252,96
DA:260,24
DA:261,24
DA:262,24
DA:264,24
DA:265,24
DA:266,137
DA:267,137
DA:268,137
DA:271,24
DA:272,15
DA:273,15
DA:274,15
DA:275,15
DA:276,15
DA:277,8
DA:281,24
DA:282,137
DA:283,137
DA:284,137
DA:292,12
DA:293,12
DA:294,12
DA:295,68
DA:296,68
DA:308,25
DA:309,25
DA:311,25
DA:312,7
DA:313,7
DA:314,7
DA:315,7
DA:316,7
DA:317,1
DA:319,6
DA:323,25
DA:325,25
DA:327,7
DA:328,6
DA:340,1
DA:348,14
DA:349,14
DA:350,14
DA:351,14
DA:352,14
DA:354,14
DA:355,14
DA:356,5110
DA:357,5110
DA:360,14
DA:361,9
DA:363,14
DA:364,6
DA:365,6
DA:366,6
DA:367,6
DA:371,14
DA:372,5110
DA:373,5110
DA:374,14
DA:376,14
DA:377,5110
DA:378,5110
DA:379,6
DA:380,6
DA:381,5
DA:382,4
DA:383,3
DA:385,5110
DA:396,17
DA:399,17
DA:400,17
DA:413,17
DA:414,17
DA:422,17
DA:423,17
DA:424,17
DA:437,17
DA:438,17
DA:448,68
DA:453,17
DA:454,7
DA:455,7
DA:456,7
DA:457,10
DA:458,4
DA:459,4
DA:460,4
DA:461,6
DA:462,1
DA:463,1
DA:464,1
DA:465,5
DA:466,1
DA:467,1
DA:468,1
DA:470,4
DA:471,4
DA:472,4
DA:475,17
DA:487,15
DA:489,15
DA:490,4
DA:491,4
DA:492,4
DA:501,15
DA:502,11
DA:508,4
DA:509,1
DA:517,15
DA:518,3
DA:524,12
DA:525,1
DA:533,15
DA:534,12
DA:542,15
DA:543,15
DA:544,5
DA:545,5
DA:547,15
DA:548,5
DA:549,5
DA:552,15
DA:553,15
DA:554,15
DA:555,15
DA:557,15
DA:558,1
DA:567,15
DA:568,15
DA:569,5
DA:570,5
DA:572,15
DA:573,4
DA:574,4
DA:575,4
DA:576,4
DA:577,5
DA:578,4
DA:579,4
DA:582,4
DA:590,15
DA:591,4
DA:592,3
DA:598,3
DA:602,15
DA:603,13
DA:610,15
DA:611,13
DA:618,15
DA:626,4
DA:627,4
DA:628,8
DA:630,4
DA:631,28
DA:633,4
DA:634,4
DA:635,4
DA:636,4
DA:638,4
DA:639,6
DA:640,6
DA:641,6
DA:642,6
DA:643,6
DA:644,6
DA:646,6
DA:647,4
DA:648,4
DA:650,2
DA:651,2
DA:655,4
DA:656,56
DA:657,28
DA:664,37
DA:665,4
DA:666,4
DA:668,4
DA:688,10
DA:689,10
DA:690,7
DA:691,7
DA:693,7
DA:694,7
DA:695,7
DA:698,7
DA:699,10
DA:700,7
DA:701,7
DA:703,7
DA:704,7
DA:705,7
DA:706,7
DA:707,6
DA:708,6
DA:713,7
DA:714,10
DA:715,7
DA:717,7
DA:718,7
DA:719,7
DA:720,7
DA:721,6
DA:722,6
DA:725,7
DA:726,6
DA:733,7
DA:735,7
DA:736,3
DA:737,4
DA:738,2
DA:740,2
DA:743,7
DA:744,7
DA:745,2
DA:748,7
DA:773,13
DA:777,13
DA:779,13
DA:780,13
DA:781,156
DA:782,156
DA:783,156
DA:784,156
DA:785,156
DA:786,156
DA:789,156
DA:790,156
DA:791,156
DA:793,185
DA:794,183
DA:795,187
DA:797,13
DA:820,25
DA:821,10
DA:826,25
DA:842,4
DA:843,4
DA:851,4
DA:855,1
DA:856,1
DA:857,1
DA:858,1
DA:859,1
DA:860,1
DA:861,1
DA:862,1
DA:863,1
LF:362
LH:362
BRDA:52,0,0,1
BRDA:52,0,1,1
BRDA:52,0,2,1
BRDA:52,0,3,1
BRDA:52,0,4,7
BRDA:52,0,5,1
BRDA:52,0,6,1
BRDA:52,0,7,2
BRDA:52,0,8,1
BRDA:52,0,9,2
BRDA:95,1,0,2
BRDA:95,1,1,1
BRDA:116,2,0,8
BRDA:116,2,1,16
BRDA:116,3,0,24
BRDA:116,3,1,24
BRDA:117,4,0,2
BRDA:117,4,1,14
BRDA:117,5,0,16
BRDA:117,5,1,8
BRDA:117,5,2,4
BRDA:118,6,0,1
BRDA:118,6,1,13
BRDA:118,7,0,14
BRDA:118,7,1,2
BRDA:128,8,0,39
BRDA:128,8,1,14
BRDA:128,9,0,15
BRDA:128,9,1,24
BRDA:148,10,0,3
BRDA:148,10,1,5
BRDA:179,11,0,8
BRDA:179,11,1,0
BRDA:181,12,0,4
BRDA:181,12,1,4
BRDA:182,13,0,3
BRDA:182,13,1,5
BRDA:208,14,0,6
BRDA:208,14,1,0
BRDA:209,15,0,2
BRDA:209,15,1,4
BRDA:239,16,0,6
BRDA:239,16,1,7
BRDA:239,17,0,13
BRDA:239,17,1,13
BRDA:240,18,0,2
BRDA:240,18,1,4
BRDA:251,19,0,3
BRDA:251,19,1,93
BRDA:275,20,0,15
BRDA:275,20,1,0
BRDA:276,21,0,7
BRDA:276,21,1,8
BRDA:312,22,0,7
BRDA:312,22,1,2
BRDA:313,23,0,7
BRDA:313,23,1,2
BRDA:314,24,0,7
BRDA:314,24,1,2
BRDA:316,25,0,1
BRDA:316,25,1,6
BRDA:333,26,0,6
BRDA:333,26,1,0
BRDA:335,27,0,6
BRDA:335,27,1,0
BRDA:361,28,0,9
BRDA:361,28,1,6
BRDA:361,28,2,6
BRDA:365,29,0,6
BRDA:365,29,1,0
BRDA:374,30,0,3
BRDA:374,30,1,11
BRDA:378,31,0,6
BRDA:378,31,1,5104
BRDA:380,32,0,1
BRDA:380,32,1,5
BRDA:381,33,0,1
BRDA:381,33,1,4
BRDA:382,34,0,1
BRDA:382,34,1,3
BRDA:405,35,0,9
BRDA:405,35,1,8
BRDA:407,36,0,2
BRDA:407,36,1,6
BRDA:413,37,0,13
BRDA:413,37,1,4
BRDA:418,38,0,13
BRDA:418,38,1,4
BRDA:422,39,0,13
BRDA:422,39,1,4
BRDA:429,40,0,9
BRDA:429,40,1,8
BRDA:431,41,0,3
BRDA:431,41,1,5
BRDA:437,42,0,10
BRDA:437,42,1,7
BRDA:437,43,0,3
BRDA:437,43,1,4
BRDA:443,44,0,10
BRDA:443,44,1,7
BRDA:453,45,0,7
BRDA:453,45,1,10
BRDA:457,46,0,4
BRDA:457,46,1,6
BRDA:461,47,0,1
BRDA:461,47,1,5
BRDA:465,48,0,1
BRDA:465,48,1,4
BRDA:489,49,0,4
BRDA:489,49,1,11
BRDA:491,50,0,4
BRDA:491,50,1,0
BRDA:501,51,0,11
BRDA:501,51,1,4
BRDA:508,52,0,1
BRDA:508,52,1,3
BRDA:508,53,0,4
BRDA:508,53,1,1
BRDA:517,54,0,3
BRDA:517,54,1,12
BRDA:524,55,0,1
BRDA:524,55,1,11
BRDA:533,56,0,12
BRDA:533,56,1,3
BRDA:533,57,0,15
BRDA:533,57,1,12
BRDA:545,58,0,5
BRDA:545,58,1,5
BRDA:549,59,0,5
BRDA:549,59,1,5
BRDA:554,60,0,3
BRDA:554,60,1,12
BRDA:555,61,0,2
BRDA:555,61,1,13
BRDA:557,62,0,1
BRDA:557,62,1,14
BRDA:557,63,0,15
BRDA:557,63,1,3
BRDA:557,63,2,3
BRDA:570,64,0,5
BRDA:570,64,1,5
BRDA:572,65,0,4
BRDA:572,65,1,11
BRDA:577,66,0,4
BRDA:577,66,1,1
BRDA:585,67,0,4
BRDA:585,67,1,0
BRDA:591,68,0,3
BRDA:591,68,1,1
BRDA:602,69,0,13
BRDA:602,69,1,2
BRDA:610,70,0,13
BRDA:610,70,1,2
BRDA:642,71,0,6
BRDA:642,71,1,0
BRDA:646,72,0,4
BRDA:646,72,1,2
BRDA:646,73,0,6
BRDA:646,73,1,5
BRDA:658,74,0,28
BRDA:658,74,1,0
BRDA:659,75,0,28
BRDA:659,75,1,0
BRDA:665,76,0,4
BRDA:665,76,1,0
BRDA:666,77,0,4
BRDA:666,77,1,0
BRDA:671,78,0,1
BRDA:671,78,1,3
BRDA:672,79,0,3
BRDA:672,79,1,1
BRDA:691,80,0,3
BRDA:691,80,1,4
BRDA:700,81,0,7
BRDA:700,81,1,1
BRDA:701,82,0,7
BRDA:701,82,1,7
BRDA:706,83,0,6
BRDA:706,83,1,1
BRDA:715,84,0,7
BRDA:715,84,1,7
BRDA:720,85,0,6
BRDA:720,85,1,1
BRDA:725,86,0,6
BRDA:725,86,1,1
BRDA:735,87,0,3
BRDA:735,87,1,4
BRDA:737,88,0,2
BRDA:737,88,1,2
BRDA:744,89,0,2
BRDA:744,89,1,5
BRDA:744,90,0,7
BRDA:744,90,1,2
BRDA:756,91,0,6
BRDA:756,91,1,1
BRDA:786,92,0,156
BRDA:786,92,1,0
BRDA:791,93,0,156
BRDA:791,93,1,152
BRDA:793,94,0,13
BRDA:793,94,1,0
BRDA:794,95,0,13
BRDA:794,95,1,0
BRDA:795,96,0,13
BRDA:795,96,1,0
BRDA:806,97,0,3
BRDA:806,97,1,10
BRDA:807,98,0,3
BRDA:807,98,1,10
BRDA:818,99,0,25
BRDA:821,100,0,5
BRDA:821,100,1,5
BRDA:831,101,0,11
BRDA:831,101,1,3
BRDA:832,102,0,11
BRDA:832,102,1,3
BRDA:846,103,0,4
BRDA:846,103,1,1
BRDA:849,104,0,4
BRDA:849,104,1,3
BRF:220
BRH:203
end_of_record
TN:
SF:src/hooks/useAnalytics.ts
FN:28,useAnalytics
FN:38,(anonymous_1)
FN:48,(anonymous_2)
FN:53,(anonymous_3)
FN:55,(anonymous_4)
FN:60,(anonymous_5)
FN:65,(anonymous_6)
FN:73,(anonymous_7)
FN:81,(anonymous_8)
FN:90,(anonymous_9)
FN:95,(anonymous_10)
FN:100,(anonymous_11)
FN:105,(anonymous_12)
FN:110,(anonymous_13)
FN:115,(anonymous_14)
FN:120,(anonymous_15)
FN:125,(anonymous_16)
FN:130,(anonymous_17)
FN:135,(anonymous_18)
FN:140,(anonymous_19)
FN:145,(anonymous_20)
FN:153,(anonymous_21)
FN:158,(anonymous_22)
FN:163,(anonymous_23)
FNF:24
FNH:24
FNDA:12,useAnalytics
FNDA:6,(anonymous_1)
FNDA:7,(anonymous_2)
FNDA:7,(anonymous_3)
FNDA:11,(anonymous_4)
FNDA:11,(anonymous_5)
FNDA:11,(anonymous_6)
FNDA:7,(anonymous_7)
FNDA:12,(anonymous_8)
FNDA:11,(anonymous_9)
FNDA:11,(anonymous_10)
FNDA:11,(anonymous_11)
FNDA:11,(anonymous_12)
FNDA:11,(anonymous_13)
FNDA:11,(anonymous_14)
FNDA:11,(anonymous_15)
FNDA:11,(anonymous_16)
FNDA:11,(anonymous_17)
FNDA:11,(anonymous_18)
FNDA:11,(anonymous_19)
FNDA:11,(anonymous_20)
FNDA:11,(anonymous_21)
FNDA:11,(anonymous_22)
FNDA:11,(anonymous_23)
DA:29,12
DA:36,12
DA:39,6
DA:40,6
DA:41,6
DA:42,5
DA:48,12
DA:49,7
DA:53,12
DA:55,12
DA:56,11
DA:60,12
DA:61,11
DA:65,12
DA:66,11
DA:67,4
DA:73,12
DA:74,7
DA:75,7
DA:76,7
DA:78,7
DA:79,6
DA:80,6
DA:81,6
DA:82,12
DA:83,12
DA:84,12
DA:85,12
DA:87,6
DA:90,12
DA:91,11
DA:95,12
DA:96,11
DA:100,12
DA:101,11
DA:105,12
DA:106,11
DA:110,12
DA:111,11
DA:115,12
DA:116,11
DA:120,12
DA:121,11
DA:125,12
DA:126,11
DA:130,12
DA:131,11
DA:135,12
DA:136,11
DA:140,12
DA:141,11
DA:145,12
DA:146,11
DA:147,2
DA:150,2
DA:153,12
DA:154,11
DA:155,11
DA:158,12
DA:159,11
DA:163,12
DA:164,11
DA:168,12
LF:63
LH:63
BRDA:39,0,0,0
BRDA:39,0,1,6
BRDA:41,1,0,1
BRDA:41,1,1,5
BRDA:42,2,0,5
BRDA:42,2,1,0
BRDA:56,3,0,11
BRDA:56,3,1,7
BRDA:61,4,0,11
BRDA:61,4,1,7
BRDA:66,5,0,7
BRDA:66,5,1,4
BRDA:78,6,0,1
BRDA:78,6,1,6
BRDA:91,7,0,11
BRDA:91,7,1,7
BRDA:111,8,0,11
BRDA:111,8,1,7
BRDA:126,9,0,11
BRDA:126,9,1,7
BRDA:131,10,0,4
BRDA:131,10,1,7
BRDA:136,11,0,4
BRDA:136,11,1,7
BRDA:141,12,0,2
BRDA:141,12,1,9
BRDA:146,13,0,9
BRDA:146,13,1,2
BRDA:146,14,0,11
BRDA:146,14,1,9
BRDA:155,15,0,11
BRDA:155,15,1,7
BRF:32
BRH:30
end_of_record
TN:
SF:src/hooks/useAuth.tsx
FN:7,useAuth
FNF:1
FNH:1
FNDA:212,useAuth
DA:8,212
DA:9,212
DA:10,2
DA:12,210
LF:4
LH:4
BRDA:9,0,0,2
BRDA:9,0,1,210
BRF:2
BRH:2
end_of_record
TN:
SF:src/hooks/useCategories.ts
FN:17,useCategories
FN:22,(anonymous_1)
FN:32,useHiddenCategories
FN:37,(anonymous_3)
FN:47,useCreateCategory
FN:52,(anonymous_5)
FN:58,(anonymous_6)
FN:62,(anonymous_7)
FN:68,useUpdateCategory
FN:73,(anonymous_9)
FN:79,(anonymous_10)
FN:83,(anonymous_11)
FN:89,useDeleteCategory
FN:94,(anonymous_13)
FN:99,(anonymous_14)
FN:106,(anonymous_15)
FN:107,(anonymous_16)
FN:112,(anonymous_17)
FN:120,(anonymous_18)
FN:123,(anonymous_19)
FN:129,useHideCategory
FN:134,(anonymous_21)
FN:139,(anonymous_22)
FN:143,(anonymous_23)
FN:149,useRestoreCategory
FN:154,(anonymous_25)
FN:159,(anonymous_26)
FN:163,(anonymous_27)
FN:169,useCopyCategory
FN:174,(anonymous_29)
FN:180,(anonymous_30)
FN:184,(anonymous_31)
FNF:32
FNH:29
FNDA:7,useCategories
FNDA:3,(anonymous_1)
FNDA:5,useHiddenCategories
FNDA:2,(anonymous_3)
FNDA:2,useCreateCategory
FNDA:2,(anonymous_5)
FNDA:1,(anonymous_6)
FNDA:1,(anonymous_7)
FNDA:1,useUpdateCategory
FNDA:1,(anonymous_9)
FNDA:1,(anonymous_10)
FNDA:0,(anonymous_11)
FNDA:2,useDeleteCategory
FNDA:2,(anonymous_13)
FNDA:2,(anonymous_14)
FNDA:0,(anonymous_15)
FNDA:0,(anonymous_16)
FNDA:1,(anonymous_17)
FNDA:2,(anonymous_18)
FNDA:1,(anonymous_19)
FNDA:2,useHideCategory
FNDA:2,(anonymous_21)
FNDA:1,(anonymous_22)
FNDA:1,(anonymous_23)
FNDA:2,useRestoreCategory
FNDA:2,(anonymous_25)
FNDA:1,(anonymous_26)
FNDA:1,(anonymous_27)
FNDA:2,useCopyCategory
FNDA:2,(anonymous_29)
FNDA:1,(anonymous_30)
FNDA:1,(anonymous_31)
DA:18,7
DA:20,7
DA:23,3
DA:24,3
DA:25,3
DA:26,2
DA:33,5
DA:35,5
DA:38,2
DA:39,2
DA:40,2
DA:41,1
DA:48,2
DA:49,2
DA:51,2
DA:53,2
DA:54,2
DA:55,2
DA:56,1
DA:59,1
DA:60,1
DA:63,1
DA:69,1
DA:70,1
DA:72,1
DA:74,1
DA:75,1
DA:76,1
DA:77,1
DA:80,1
DA:81,1
DA:84,0
DA:90,2
DA:91,2
DA:93,2
DA:95,2
DA:96,2
DA:97,2
DA:100,2
DA:101,2
DA:105,2
DA:107,0
DA:110,2
DA:113,1
DA:114,1
DA:115,0
DA:118,1
DA:121,2
DA:124,1
DA:130,2
DA:131,2
DA:133,2
DA:135,2
DA:136,2
DA:137,2
DA:140,1
DA:141,1
DA:144,1
DA:150,2
DA:151,2
DA:153,2
DA:155,2
DA:156,2
DA:157,2
DA:160,1
DA:161,1
DA:164,1
DA:170,2
DA:171,2
DA:173,2
DA:175,2
DA:176,2
DA:177,2
DA:178,1
DA:181,1
DA:182,1
DA:185,1
LF:77
LH:74
BRDA:23,0,0,0
BRDA:23,0,1,3
BRDA:25,1,0,1
BRDA:25,1,1,2
BRDA:25,2,0,0
BRDA:25,2,1,1
BRDA:25,3,0,1
BRDA:25,3,1,0
BRDA:26,4,0,2
BRDA:26,4,1,0
BRDA:38,5,0,0
BRDA:38,5,1,2
BRDA:40,6,0,1
BRDA:40,6,1,1
BRDA:40,7,0,0
BRDA:40,7,1,1
BRDA:40,8,0,1
BRDA:40,8,1,0
BRDA:41,9,0,1
BRDA:41,9,1,0
BRDA:53,10,0,0
BRDA:53,10,1,2
BRDA:55,11,0,1
BRDA:55,11,1,1
BRDA:55,12,0,0
BRDA:55,12,1,1
BRDA:55,13,0,1
BRDA:55,13,1,0
BRDA:63,14,0,1
BRDA:63,14,1,0
BRDA:74,15,0,0
BRDA:74,15,1,1
BRDA:76,16,0,0
BRDA:76,16,1,1
BRDA:76,17,0,0
BRDA:76,17,1,0
BRDA:76,18,0,0
BRDA:76,18,1,0
BRDA:84,19,0,0
BRDA:84,19,1,0
BRDA:95,20,0,0
BRDA:95,20,1,2
BRDA:97,21,0,1
BRDA:97,21,1,1
BRDA:97,22,0,0
BRDA:97,22,1,1
BRDA:97,23,0,1
BRDA:97,23,1,0
BRDA:113,24,0,1
BRDA:113,24,1,0
BRDA:135,25,0,0
BRDA:135,25,1,2
BRDA:137,26,0,1
BRDA:137,26,1,1
BRDA:137,27,0,0
BRDA:137,27,1,1
BRDA:137,28,0,1
BRDA:137,28,1,0
BRDA:144,29,0,1
BRDA:144,29,1,0
BRDA:155,30,0,0
BRDA:155,30,1,2
BRDA:157,31,0,1
BRDA:157,31,1,1
BRDA:157,32,0,0
BRDA:157,32,1,1
BRDA:157,33,0,1
BRDA:157,33,1,0
BRDA:164,34,0,1
BRDA:164,34,1,0
BRDA:175,35,0,0
BRDA:175,35,1,2
BRDA:177,36,0,1
BRDA:177,36,1,1
BRDA:177,37,0,0
BRDA:177,37,1,1
BRDA:177,38,0,1
BRDA:177,38,1,0
BRDA:185,39,0,1
BRDA:185,39,1,0
BRF:80
BRH:44
end_of_record
TN:
SF:src/hooks/useCurrency.ts
FN:7,useCurrency
FNF:1
FNH:1
FNDA:12,useCurrency
DA:8,12
DA:9,12
LF:2
LH:2
BRDA:9,0,0,12
BRDA:9,0,1,12
BRF:2
BRH:2
end_of_record
TN:
SF:src/hooks/useDashboard.ts
FN:8,useDashboardStats
FN:13,(anonymous_1)
FN:31,(anonymous_2)
FN:32,(anonymous_3)
FN:34,(anonymous_4)
FN:35,(anonymous_5)
FN:37,(anonymous_6)
FN:38,(anonymous_7)
FN:40,(anonymous_8)
FN:41,(anonymous_9)
FN:55,useRecentTransactions
FN:60,(anonymous_11)
FN:73,useMonthlyData
FN:79,(anonymous_13)
FN:103,(anonymous_14)
FN:113,useCategoryBreakdown
FN:118,(anonymous_16)
FN:144,(anonymous_17)
FN:147,(anonymous_18)
FN:153,(anonymous_19)
FNF:20
FNH:20
FNDA:4,useDashboardStats
FNDA:2,(anonymous_1)
FNDA:3,(anonymous_2)
FNDA:2,(anonymous_3)
FNDA:3,(anonymous_4)
FNDA:1,(anonymous_5)
FNDA:3,(anonymous_6)
FNDA:2,(anonymous_7)
FNDA:3,(anonymous_8)
FNDA:1,(anonymous_9)
FNDA:2,useRecentTransactions
FNDA:1,(anonymous_11)
FNDA:2,useMonthlyData
FNDA:1,(anonymous_13)
FNDA:12,(anonymous_14)
FNDA:4,useCategoryBreakdown
FNDA:2,(anonymous_16)
FNDA:3,(anonymous_17)
FNDA:3,(anonymous_18)
FNDA:1,(anonymous_19)
DA:9,4
DA:11,4
DA:14,2
DA:16,2
DA:17,2
DA:19,2
DA:24,2
DA:25,1
DA:27,1
DA:28,2
DA:30,2
DA:31,3
DA:32,2
DA:33,2
DA:34,3
DA:35,1
DA:36,2
DA:37,3
DA:38,2
DA:39,2
DA:40,3
DA:41,1
DA:43,2
DA:56,2
DA:58,2
DA:61,1
DA:62,1
DA:66,1
DA:67,1
DA:74,2
DA:75,2
DA:77,2
DA:80,1
DA:81,1
DA:82,1
DA:84,1
DA:86,1
DA:87,12
DA:88,12
DA:91,1
DA:92,3
DA:93,3
DA:94,3
DA:95,3
DA:96,2
DA:98,1
DA:103,12
DA:114,4
DA:116,4
DA:119,2
DA:121,2
DA:122,2
DA:124,2
DA:129,2
DA:131,2
DA:133,2
DA:134,4
DA:135,4
DA:136,4
DA:137,4
DA:138,1
DA:140,3
DA:144,3
DA:146,2
DA:147,3
DA:153,1
LF:66
LH:66
BRDA:14,0,0,0
BRDA:14,0,1,2
BRDA:24,1,0,1
BRDA:24,1,1,1
BRDA:25,2,0,0
BRDA:25,2,1,1
BRDA:27,3,0,1
BRDA:27,3,1,0
BRDA:28,4,0,2
BRDA:28,4,1,0
BRDA:55,5,0,2
BRDA:61,6,0,0
BRDA:61,6,1,1
BRDA:66,7,0,0
BRDA:66,7,1,1
BRDA:67,8,0,1
BRDA:67,8,1,0
BRDA:80,9,0,0
BRDA:80,9,1,1
BRDA:82,10,0,0
BRDA:82,10,1,1
BRDA:91,11,0,1
BRDA:91,11,1,0
BRDA:94,12,0,3
BRDA:94,12,1,0
BRDA:95,13,0,2
BRDA:95,13,1,1
BRDA:119,14,0,0
BRDA:119,14,1,2
BRDA:129,15,0,0
BRDA:129,15,1,2
BRDA:133,16,0,2
BRDA:133,16,1,0
BRDA:134,17,0,4
BRDA:134,17,1,1
BRDA:135,18,0,4
BRDA:135,18,1,1
BRDA:137,19,0,1
BRDA:137,19,1,3
BRDA:151,20,0,3
BRDA:151,20,1,0
BRF:41
BRH:26
end_of_record
TN:
SF:src/hooks/useProfile.ts
FN:8,useProfile
FN:13,(anonymous_1)
FN:23,useUpdateProfile
FN:28,(anonymous_3)
FN:34,(anonymous_4)
FN:39,(anonymous_5)
FNF:6
FNH:6
FNDA:16,useProfile
FNDA:7,(anonymous_1)
FNDA:2,useUpdateProfile
FNDA:2,(anonymous_3)
FNDA:1,(anonymous_4)
FNDA:1,(anonymous_5)
DA:9,16
DA:11,16
DA:14,7
DA:15,7
DA:16,2
DA:17,1
DA:24,2
DA:25,2
DA:27,2
DA:29,2
DA:30,2
DA:31,2
DA:32,1
DA:35,1
DA:36,1
DA:37,1
DA:40,1
LF:17
LH:17
BRDA:14,0,0,0
BRDA:14,0,1,7
BRDA:16,1,0,1
BRDA:16,1,1,1
BRDA:29,2,0,0
BRDA:29,2,1,2
BRDA:31,3,0,1
BRDA:31,3,1,1
BRDA:40,4,0,1
BRDA:40,4,1,0
BRF:10
BRH:7
end_of_record
TN:
SF:src/hooks/useTheme.ts
FN:4,useTheme
FNF:1
FNH:1
FNDA:52,useTheme
DA:5,52
DA:6,52
DA:7,2
DA:9,50
LF:4
LH:4
BRDA:6,0,0,2
BRDA:6,0,1,50
BRF:2
BRH:2
end_of_record
TN:
SF:src/hooks/useTransactions.ts
FN:13,useTransactions
FN:18,(anonymous_1)
FN:28,useCreateTransaction
FN:33,(anonymous_3)
FN:39,(anonymous_4)
FN:45,(anonymous_5)
FN:51,useUpdateTransaction
FN:55,(anonymous_7)
FN:60,(anonymous_8)
FN:66,(anonymous_9)
FN:72,useDeleteTransaction
FN:76,(anonymous_11)
FN:80,(anonymous_12)
FN:88,(anonymous_13)
FN:89,(anonymous_14)
FN:94,(anonymous_15)
FN:103,(anonymous_16)
FN:108,(anonymous_17)
FNF:18
FNH:15
FNDA:6,useTransactions
FNDA:3,(anonymous_1)
FNDA:2,useCreateTransaction
FNDA:2,(anonymous_3)
FNDA:1,(anonymous_4)
FNDA:1,(anonymous_5)
FNDA:1,useUpdateTransaction
FNDA:1,(anonymous_7)
FNDA:1,(anonymous_8)
FNDA:0,(anonymous_9)
FNDA:2,useDeleteTransaction
FNDA:2,(anonymous_11)
FNDA:2,(anonymous_12)
FNDA:0,(anonymous_13)
FNDA:0,(anonymous_14)
FNDA:1,(anonymous_15)
FNDA:2,(anonymous_16)
FNDA:1,(anonymous_17)
DA:14,6
DA:16,6
DA:19,3
DA:20,3
DA:21,3
DA:22,2
DA:29,2
DA:30,2
DA:32,2
DA:34,2
DA:35,2
DA:36,2
DA:37,1
DA:40,1
DA:41,1
DA:42,1
DA:43,1
DA:46,1
DA:52,1
DA:54,1
DA:56,1
DA:57,1
DA:58,1
DA:61,1
DA:62,1
DA:63,1
DA:64,1
DA:67,0
DA:73,2
DA:75,2
DA:77,2
DA:78,2
DA:82,2
DA:83,2
DA:87,2
DA:89,0
DA:92,2
DA:96,1
DA:97,1
DA:98,0
DA:101,1
DA:104,2
DA:105,2
DA:106,2
DA:109,1
LF:45
LH:42
BRDA:19,0,0,0
BRDA:19,0,1,3
BRDA:21,1,0,1
BRDA:21,1,1,2
BRDA:22,2,0,2
BRDA:22,2,1,0
BRDA:34,3,0,0
BRDA:34,3,1,2
BRDA:36,4,0,1
BRDA:36,4,1,1
BRDA:46,5,0,1
BRDA:46,5,1,0
BRDA:57,6,0,0
BRDA:57,6,1,1
BRDA:67,7,0,0
BRDA:67,7,1,0
BRDA:78,8,0,1
BRDA:78,8,1,1
BRDA:96,9,0,1
BRDA:96,9,1,0
BRF:20
BRH:12
end_of_record
TN:
SF:src/layouts/AuthLayout.tsx
FN:7,AuthLayout
FN:32,(anonymous_1)
FNF:2
FNH:1
FNDA:4,AuthLayout
FNDA:0,(anonymous_1)
DA:8,4
DA:9,4
DA:11,4
DA:12,1
DA:19,3
DA:20,1
DA:23,2
DA:32,0
LF:8
LH:7
BRDA:11,0,0,1
BRDA:11,0,1,3
BRDA:19,1,0,1
BRDA:19,1,1,2
BRDA:33,2,0,0
BRDA:33,2,1,2
BRDA:35,3,0,0
BRDA:35,3,1,2
BRF:8
BRH:6
end_of_record
TN:
SF:src/layouts/DashboardLayout.tsx
FN:38,DashboardLayout
FN:45,handleSignOut
FN:69,(anonymous_2)
FN:93,(anonymous_3)
FN:103,(anonymous_4)
FN:107,(anonymous_5)
FN:108,(anonymous_6)
FN:117,(anonymous_7)
FN:136,(anonymous_8)
FN:170,(anonymous_9)
FNF:10
FNH:7
FNDA:12,DashboardLayout
FNDA:1,handleSignOut
FNDA:0,(anonymous_2)
FNDA:0,(anonymous_3)
FNDA:60,(anonymous_4)
FNDA:0,(anonymous_5)
FNDA:60,(anonymous_6)
FNDA:60,(anonymous_7)
FNDA:1,(anonymous_8)
FNDA:1,(anonymous_9)
DA:22,2
DA:30,2
DA:39,12
DA:40,12
DA:41,12
DA:42,12
DA:43,12
DA:46,1
DA:47,1
DA:50,12
DA:51,12
DA:52,12
DA:54,12
DA:69,0
DA:93,0
DA:104,60
DA:107,0
DA:109,60
DA:118,60
DA:136,1
DA:170,1
LF:21
LH:18
BRDA:50,0,0,12
BRDA:50,0,1,0
BRDA:51,1,0,12
BRDA:51,1,1,0
BRDA:51,1,2,0
BRDA:52,2,0,12
BRDA:52,2,1,0
BRDA:52,2,2,0
BRDA:66,3,0,12
BRDA:66,3,1,1
BRDA:83,4,0,1
BRDA:83,4,1,11
BRDA:111,5,0,12
BRDA:111,5,1,48
BRDA:119,6,0,60
BRDA:119,6,1,12
BRDA:122,7,0,12
BRDA:122,7,1,48
BRDA:124,8,0,60
BRDA:124,8,1,12
BRDA:138,9,0,0
BRDA:138,9,1,12
BRDA:140,10,0,0
BRDA:140,10,1,12
BRDA:141,11,0,0
BRDA:141,11,1,12
BRF:26
BRH:18
end_of_record
TN:
SF:src/lib/queryClient.ts
FNF:0
FNH:0
DA:3,1
LF:1
LH:1
BRF:0
BRH:0
end_of_record
TN:
SF:src/lib/queryKeys.ts
FN:4,(anonymous_0)
FN:9,(anonymous_1)
FN:11,(anonymous_2)
FN:15,(anonymous_3)
FN:19,(anonymous_4)
FN:20,(anonymous_5)
FN:22,(anonymous_6)
FN:24,(anonymous_7)
FN:28,(anonymous_8)
FNF:9
FNH:9
FNDA:8,(anonymous_0)
FNDA:8,(anonymous_1)
FNDA:6,(anonymous_2)
FNDA:18,(anonymous_3)
FNDA:5,(anonymous_4)
FNDA:3,(anonymous_5)
FNDA:3,(anonymous_6)
FNDA:5,(anonymous_7)
FNDA:20,(anonymous_8)
DA:1,10
DA:5,8
DA:10,8
DA:12,6
DA:15,18
DA:19,5
DA:21,3
DA:23,3
DA:25,5
DA:28,20
LF:10
LH:10
BRF:0
BRH:0
end_of_record
TN:
SF:src/lib/supabase.ts
FNF:0
FNH:0
DA:3,27
DA:4,27
DA:6,27
DA:7,0
DA:13,27
LF:5
LH:4
BRDA:6,0,0,0
BRDA:6,0,1,27
BRDA:6,1,0,27
BRDA:6,1,1,27
BRF:4
BRH:3
end_of_record
TN:
SF:src/pages/AnalyticsPage.tsx
FN:35,AnalyticsPage
FN:47,(anonymous_1)
FN:57,(anonymous_2)
FN:59,(anonymous_3)
FN:69,(anonymous_4)
FNF:5
FNH:1
FNDA:6,AnalyticsPage
FNDA:0,(anonymous_1)
FNDA:0,(anonymous_2)
FNDA:0,(anonymous_3)
FNDA:0,(anonymous_4)
DA:36,6
DA:41,6
DA:42,6
DA:44,6
DA:45,6
DA:48,0
DA:49,0
DA:50,0
DA:51,0
DA:57,6
DA:59,0
DA:64,6
DA:65,1
DA:69,0
DA:74,5
DA:75,1
DA:83,4
LF:17
LH:11
BRDA:48,0,0,0
BRDA:48,0,1,0
BRDA:50,1,0,0
BRDA:50,1,1,0
BRDA:51,2,0,0
BRDA:51,2,1,0
BRDA:64,3,0,1
BRDA:64,3,1,5
BRDA:74,4,0,1
BRDA:74,4,1,4
BRDA:99,5,0,4
BRDA:99,5,1,4
BRDA:121,6,0,6
BRDA:121,6,1,0
BRF:14
BRH:7
end_of_record
TN:
SF:src/pages/CategoriesPage.tsx
FN:22,CategoriesPage
FN:35,handleCreate
FN:45,handleRestore
FN:50,(anonymous_3)
FN:72,(anonymous_4)
FN:81,(anonymous_5)
FN:84,(anonymous_6)
FN:110,(anonymous_7)
FN:130,(anonymous_8)
FN:141,(anonymous_9)
FN:160,(anonymous_10)
FN:163,(anonymous_11)
FNF:12
FNH:6
FNDA:12,CategoriesPage
FNDA:0,handleCreate
FNDA:0,handleRestore
FNDA:7,(anonymous_3)
FNDA:1,(anonymous_4)
FNDA:60,(anonymous_5)
FNDA:2,(anonymous_6)
FNDA:0,(anonymous_7)
FNDA:1,(anonymous_8)
FNDA:0,(anonymous_9)
FNDA:0,(anonymous_10)
FNDA:0,(anonymous_11)
DA:23,12
DA:24,12
DA:28,12
DA:30,12
DA:31,12
DA:32,12
DA:33,12
DA:36,0
DA:42,0
DA:46,0
DA:50,12
DA:51,7
DA:52,6
DA:53,6
DA:56,12
DA:64,12
DA:66,12
DA:72,1
DA:82,60
DA:84,2
DA:110,0
DA:131,1
DA:141,0
DA:160,0
DA:163,0
LF:25
LH:18
BRDA:28,0,0,1
BRDA:28,0,1,11
BRDA:28,1,0,12
BRDA:28,1,1,12
BRDA:50,2,0,12
BRDA:50,2,1,1
BRDA:51,3,0,1
BRDA:51,3,1,6
BRDA:52,4,0,0
BRDA:52,4,1,6
BRDA:64,5,0,12
BRDA:64,5,1,2
BRDA:88,6,0,12
BRDA:88,6,1,48
BRDA:98,7,0,1
BRDA:98,7,1,11
BRDA:100,8,0,5
BRDA:100,8,1,6
BRDA:100,9,0,11
BRDA:100,9,1,11
BRDA:103,10,0,1
BRDA:103,10,1,4
BRDA:105,11,0,1
BRDA:105,11,1,4
BRDA:121,12,0,12
BRDA:121,12,1,10
BRDA:121,12,2,9
BRDA:121,12,3,1
BRDA:156,13,0,12
BRDA:156,13,1,10
BRDA:156,13,2,1
BRF:31
BRH:30
end_of_record
TN:
SF:src/pages/DashboardPage.tsx
FN:25,DashboardPage
FN:35,(anonymous_1)
FN:74,(anonymous_2)
FNF:3
FNH:2
FNDA:4,DashboardPage
FNDA:0,(anonymous_1)
FNDA:4,(anonymous_2)
DA:26,4
DA:27,4
DA:28,4
DA:30,4
DA:31,1
DA:35,0
DA:40,3
DA:41,4
DA:43,4
DA:74,4
LF:10
LH:9
BRDA:30,0,0,1
BRDA:30,0,1,3
BRDA:40,1,0,3
BRDA:40,1,1,0
BRDA:41,2,0,4
BRDA:41,2,1,1
BRDA:41,3,0,4
BRDA:41,3,1,1
BRDA:49,4,0,3
BRDA:49,4,1,0
BRDA:72,5,0,1
BRDA:72,5,1,2
BRDA:86,6,0,2
BRDA:86,6,1,0
BRDA:95,7,0,2
BRDA:95,7,1,0
BRDA:104,8,0,2
BRDA:104,8,1,0
BRDA:116,9,0,2
BRDA:116,9,1,0
BRF:20
BRH:14
end_of_record
TN:
SF:src/pages/ForgotPasswordPage.tsx
FN:20,ForgotPasswordPage
FN:34,onSubmit
FNF:2
FNH:2
FNDA:16,ForgotPasswordPage
FNDA:3,onSubmit
DA:14,1
DA:21,16
DA:22,16
DA:23,16
DA:30,16
DA:35,3
DA:36,3
DA:37,3
DA:38,1
DA:40,2
DA:41,2
DA:43,3
DA:46,16
DA:47,2
DA:66,14
LF:15
LH:15
BRDA:37,0,0,1
BRDA:37,0,1,2
BRDA:46,1,0,2
BRDA:46,1,1,14
BRDA:74,2,0,14
BRDA:74,2,1,1
BRF:6
BRH:6
end_of_record
TN:
SF:src/pages/LoginPage.tsx
FN:22,LoginPage
FN:35,onSubmit
FNF:2
FNH:2
FNDA:18,LoginPage
FNDA:2,onSubmit
DA:15,1
DA:23,18
DA:24,18
DA:31,18
DA:36,2
DA:37,2
DA:38,2
DA:39,1
DA:41,2
DA:44,18
LF:10
LH:10
BRDA:38,0,0,1
BRDA:38,0,1,1
BRDA:56,1,0,18
BRDA:56,1,1,1
BRF:4
BRH:4
end_of_record
TN:
SF:src/pages/ProfilePage.tsx
FN:29,(anonymous_0)
FN:36,ProfilePage
FN:62,(anonymous_2)
FN:71,onProfileSubmit
FN:78,onPasswordSubmit
FN:91,(anonymous_5)
FN:148,(anonymous_6)
FNF:7
FNH:3
FNDA:0,(anonymous_0)
FNDA:18,ProfilePage
FNDA:9,(anonymous_2)
FNDA:0,onProfileSubmit
FNDA:0,onPasswordSubmit
FNDA:112,(anonymous_5)
FNDA:0,(anonymous_6)
DA:19,1
DA:26,1
DA:29,0
DA:37,18
DA:38,18
DA:39,18
DA:40,18
DA:41,18
DA:48,18
DA:58,18
DA:62,18
DA:63,9
DA:64,8
DA:72,0
DA:79,0
DA:80,0
DA:81,0
DA:82,0
DA:84,0
DA:86,0
DA:89,18
DA:91,112
DA:93,16
DA:148,0
LF:24
LH:15
BRDA:63,0,0,8
BRDA:63,0,1,1
BRDA:65,1,0,8
BRDA:65,1,1,0
BRDA:81,2,0,0
BRDA:81,2,1,0
BRDA:89,3,0,2
BRDA:89,3,1,16
BRDA:107,4,0,16
BRDA:107,4,1,0
BRDA:137,5,0,2
BRDA:137,5,1,14
BRDA:141,6,0,2
BRDA:141,6,1,14
BRDA:147,7,0,18
BRDA:147,7,1,2
BRDA:149,8,0,2
BRDA:149,8,1,14
BRDA:160,9,0,18
BRDA:160,9,1,0
BRF:20
BRH:15
end_of_record
TN:
SF:src/pages/ResetPasswordPage.tsx
FN:17,(anonymous_0)
FN:24,ResetPasswordPage
FN:38,onSubmit
FNF:3
FNH:3
FNDA:4,(anonymous_0)
FNDA:15,ResetPasswordPage
FNDA:2,onSubmit
DA:14,1
DA:17,4
DA:25,15
DA:26,15
DA:27,15
DA:34,15
DA:39,2
DA:40,2
DA:41,2
DA:42,1
DA:44,1
DA:45,1
DA:47,2
DA:50,15
LF:14
LH:14
BRDA:41,0,0,1
BRDA:41,0,1,1
BRDA:58,1,0,15
BRDA:58,1,1,1
BRF:4
BRH:4
end_of_record
TN:
SF:src/pages/SignUpPage.tsx
FN:21,(anonymous_0)
FN:28,SignUpPage
FN:41,onSubmit
FNF:3
FNH:3
FNDA:4,(anonymous_0)
FNDA:16,SignUpPage
FNDA:2,onSubmit
DA:16,1
DA:21,4
DA:29,16
DA:30,16
DA:37,16
DA:42,2
DA:43,2
DA:44,2
DA:45,1
DA:47,1
DA:49,2
DA:52,16
LF:12
LH:12
BRDA:44,0,0,1
BRDA:44,0,1,1
BRDA:64,1,0,16
BRDA:64,1,1,1
BRF:4
BRH:4
end_of_record
TN:
SF:src/pages/TransactionsPage.tsx
FN:18,TransactionsPage
FN:32,(anonymous_1)
FN:33,handleClickOutside
FN:41,(anonymous_3)
FN:44,handleCreate
FN:56,handleExportCSV
FN:64,handleImportCSV
FN:81,(anonymous_7)
FN:81,(anonymous_8)
FN:108,(anonymous_9)
FN:126,(anonymous_10)
FN:145,(anonymous_11)
FN:149,(anonymous_12)
FN:162,(anonymous_13)
FN:167,(anonymous_14)
FN:174,(anonymous_15)
FNF:16
FNH:7
FNDA:13,TransactionsPage
FNDA:11,(anonymous_1)
FNDA:0,handleClickOutside
FNDA:11,(anonymous_3)
FNDA:0,handleCreate
FNDA:0,handleExportCSV
FNDA:0,handleImportCSV
FNDA:1,(anonymous_7)
FNDA:1,(anonymous_8)
FNDA:1,(anonymous_9)
FNDA:0,(anonymous_10)
FNDA:0,(anonymous_11)
FNDA:1,(anonymous_12)
FNDA:0,(anonymous_13)
FNDA:0,(anonymous_14)
FNDA:0,(anonymous_15)
DA:19,13
DA:23,13
DA:24,13
DA:25,13
DA:26,13
DA:28,13
DA:29,13
DA:32,13
DA:34,0
DA:35,0
DA:38,11
DA:39,1
DA:41,11
DA:45,0
DA:53,0
DA:57,0
DA:58,0
DA:59,0
DA:60,0
DA:61,0
DA:65,0
DA:66,0
DA:69,13
DA:81,1
DA:108,1
DA:126,0
DA:145,0
DA:149,1
DA:162,0
DA:167,0
DA:174,0
LF:31
LH:15
BRDA:34,0,0,0
BRDA:34,0,1,0
BRDA:34,1,0,0
BRDA:34,1,1,0
BRDA:38,2,0,1
BRDA:38,2,1,10
BRDA:49,3,0,0
BRDA:49,3,1,0
BRDA:51,4,0,0
BRDA:51,4,1,0
BRDA:57,5,0,0
BRDA:57,5,1,0
BRDA:57,6,0,0
BRDA:57,6,1,0
BRDA:59,7,0,0
BRDA:59,7,1,0
BRDA:85,8,0,1
BRDA:85,8,1,12
BRDA:87,9,0,13
BRDA:87,9,1,1
BRDA:91,10,0,1
BRDA:91,10,1,1
BRDA:122,11,0,1
BRDA:122,11,1,12
BRDA:128,12,0,1
BRDA:128,12,1,11
BRDA:130,13,0,4
BRDA:130,13,1,7
BRDA:130,14,0,11
BRDA:130,14,1,11
BRDA:134,15,0,0
BRDA:134,15,1,4
BRDA:134,16,0,4
BRDA:134,16,1,4
BRDA:134,16,2,0
BRDA:134,16,3,4
BRDA:139,17,0,0
BRDA:139,17,1,4
BRDA:139,18,0,4
BRDA:139,18,1,4
BRDA:139,18,2,0
BRDA:139,18,3,4
BRDA:144,19,0,0
BRDA:144,19,1,4
BRDA:144,20,0,4
BRDA:144,20,1,4
BRDA:144,20,2,0
BRDA:144,20,3,4
BRF:48
BRH:28
end_of_record
TN:
SF:src/routes/index.tsx
FN:8,(anonymous_0)
FN:9,(anonymous_1)
FN:10,(anonymous_2)
FN:11,(anonymous_3)
FN:12,(anonymous_4)
FN:13,(anonymous_5)
FN:14,(anonymous_6)
FN:15,(anonymous_7)
FN:16,(anonymous_8)
FN:18,PageFallback
FN:26,AppRouter
FNF:11
FNH:1
FNDA:0,(anonymous_0)
FNDA:0,(anonymous_1)
FNDA:0,(anonymous_2)
FNDA:0,(anonymous_3)
FNDA:0,(anonymous_4)
FNDA:0,(anonymous_5)
FNDA:0,(anonymous_6)
FNDA:0,(anonymous_7)
FNDA:0,(anonymous_8)
FNDA:0,PageFallback
FNDA:1,AppRouter
DA:8,1
DA:9,1
DA:10,1
DA:11,1
DA:12,1
DA:13,1
DA:14,1
DA:15,1
DA:16,1
DA:19,0
DA:27,1
LF:11
LH:10
BRF:0
BRH:0
end_of_record
TN:
SF:src/services/categories.ts
FN:15,getSystemCategories
FN:32,getUserCategories
FN:51,getHiddenCategories
FN:63,getMergedCategories
FN:78,(anonymous_4)
FN:82,(anonymous_5)
FN:83,(anonymous_6)
FN:97,(anonymous_7)
FN:111,(anonymous_8)
FN:121,createUserCategory
FN:141,updateUserCategory
FN:160,deleteUserCategory
FN:173,hideSystemCategory
FN:184,restoreSystemCategory
FN:197,copySystemCategory
FN:229,getHiddenSystemCategories
FN:239,(anonymous_16)
FN:249,(anonymous_17)
FNF:18
FNH:18
FNDA:6,getSystemCategories
FNDA:6,getUserCategories
FNDA:5,getHiddenCategories
FNDA:4,getMergedCategories
FNDA:1,(anonymous_4)
FNDA:2,(anonymous_5)
FNDA:1,(anonymous_6)
FNDA:1,(anonymous_7)
FNDA:1,(anonymous_8)
FNDA:2,createUserCategory
FNDA:1,updateUserCategory
FNDA:2,deleteUserCategory
FNDA:1,hideSystemCategory
FNDA:1,restoreSystemCategory
FNDA:3,copySystemCategory
FNDA:5,getHiddenSystemCategories
FNDA:3,(anonymous_16)
FNDA:2,(anonymous_17)
DA:16,6
DA:21,6
DA:22,1
DA:25,6
DA:26,6
DA:33,6
DA:40,6
DA:41,1
DA:44,6
DA:45,6
DA:52,5
DA:57,5
DA:67,4
DA:73,4
DA:74,3
DA:75,2
DA:77,1
DA:78,1
DA:81,4
DA:82,2
DA:83,1
DA:97,4
DA:111,4
DA:112,1
DA:115,4
DA:122,2
DA:135,2
DA:142,1
DA:154,1
DA:161,2
DA:167,2
DA:174,1
DA:178,1
DA:185,1
DA:191,1
DA:198,3
DA:204,3
DA:205,2
DA:208,1
DA:210,1
DA:223,1
DA:230,5
DA:235,5
DA:236,3
DA:239,3
DA:241,2
DA:247,2
DA:249,2
DA:263,1
LF:49
LH:49
BRDA:21,0,0,1
BRDA:21,0,1,5
BRDA:40,1,0,1
BRDA:40,1,1,5
BRDA:73,2,0,1
BRDA:73,2,1,3
BRDA:74,3,0,1
BRDA:74,3,1,2
BRDA:75,4,0,1
BRDA:75,4,1,1
BRDA:78,5,0,1
BRDA:78,5,1,0
BRDA:81,6,0,4
BRDA:81,6,1,0
BRDA:97,7,0,4
BRDA:97,7,1,0
BRDA:130,8,0,2
BRDA:130,8,1,2
BRDA:145,9,0,1
BRDA:145,9,1,1
BRDA:146,10,0,1
BRDA:146,10,1,0
BRDA:147,11,0,1
BRDA:147,11,1,0
BRDA:204,12,0,2
BRDA:204,12,1,1
BRDA:204,13,0,3
BRDA:204,13,1,2
BRDA:205,14,0,2
BRDA:205,14,1,1
BRDA:235,15,0,3
BRDA:235,15,1,2
BRDA:235,16,0,5
BRDA:235,16,1,4
BRDA:235,16,2,3
BRDA:247,17,0,1
BRDA:247,17,1,1
BRF:37
BRH:32
end_of_record
TN:
SF:src/services/profiles.ts
FN:4,getProfile
FN:14,updateProfile
FNF:2
FNH:2
FNDA:7,getProfile
FNDA:2,updateProfile
DA:5,7
DA:11,2
DA:15,2
DA:22,2
LF:4
LH:4
BRF:0
BRH:0
end_of_record
TN:
SF:src/services/transactions.ts
FN:17,normalizeTransaction
FN:46,getTransactions
FN:76,(anonymous_2)
FN:102,getTransaction
FN:117,resolveCategoryColumns
FN:137,createTransaction
FN:158,updateTransaction
FN:182,deleteTransaction
FN:191,getMonthlyStats
FNF:9
FNH:8
FNDA:10,normalizeTransaction
FNDA:13,getTransactions
FNDA:0,(anonymous_2)
FNDA:2,getTransaction
FNDA:4,resolveCategoryColumns
FNDA:3,createTransaction
FNDA:2,updateTransaction
FNDA:1,deleteTransaction
FNDA:1,getMonthlyStats
DA:10,3
DA:18,10
DA:19,10
DA:20,10
DA:22,10
DA:47,13
DA:52,13
DA:53,1
DA:56,13
DA:58,2
DA:59,2
DA:60,1
DA:63,1
DA:66,12
DA:67,1
DA:70,12
DA:71,1
DA:74,12
DA:76,1
DA:77,1
DA:80,12
DA:85,13
DA:86,13
DA:90,13
DA:91,10
DA:93,2
DA:94,2
DA:97,12
DA:98,12
DA:99,11
DA:103,2
DA:109,2
DA:110,1
DA:118,4
DA:119,1
DA:123,3
DA:129,3
DA:130,2
DA:134,1
DA:138,3
DA:140,3
DA:154,3
DA:155,3
DA:159,2
DA:160,2
DA:161,2
DA:162,2
DA:163,2
DA:164,2
DA:166,2
DA:167,1
DA:168,1
DA:171,2
DA:178,2
DA:179,2
DA:183,1
DA:188,1
DA:192,1
DA:193,1
DA:195,1
DA:202,1
LF:61
LH:61
BRDA:20,0,0,10
BRDA:20,0,1,9
BRDA:20,0,2,8
BRDA:25,1,0,10
BRDA:25,1,1,8
BRDA:25,1,2,6
BRDA:25,1,3,6
BRDA:29,2,0,10
BRDA:29,2,1,10
BRDA:33,3,0,2
BRDA:33,3,1,8
BRDA:52,4,0,1
BRDA:52,4,1,12
BRDA:52,5,0,13
BRDA:52,5,1,2
BRDA:56,6,0,2
BRDA:56,6,1,11
BRDA:59,7,0,1
BRDA:59,7,1,1
BRDA:66,8,0,1
BRDA:66,8,1,11
BRDA:70,9,0,1
BRDA:70,9,1,11
BRDA:74,10,0,1
BRDA:74,10,1,11
BRDA:80,11,0,1
BRDA:80,11,1,11
BRDA:82,12,0,1
BRDA:82,12,1,10
BRDA:90,13,0,10
BRDA:90,13,1,2
BRDA:98,14,0,1
BRDA:98,14,1,11
BRDA:98,15,0,12
BRDA:98,15,1,11
BRDA:109,16,0,1
BRDA:109,16,1,1
BRDA:109,17,0,2
BRDA:109,17,1,1
BRDA:118,18,0,1
BRDA:118,18,1,3
BRDA:129,19,0,2
BRDA:129,19,1,1
BRDA:147,20,0,3
BRDA:147,20,1,3
BRDA:154,21,0,0
BRDA:154,21,1,3
BRDA:154,22,0,3
BRDA:154,22,1,3
BRDA:160,23,0,0
BRDA:160,23,1,2
BRDA:161,24,0,2
BRDA:161,24,1,0
BRDA:162,25,0,0
BRDA:162,25,1,2
BRDA:163,26,0,0
BRDA:163,26,1,2
BRDA:164,27,0,0
BRDA:164,27,1,2
BRDA:166,28,0,1
BRDA:166,28,1,1
BRDA:178,29,0,0
BRDA:178,29,1,2
BRDA:178,30,0,2
BRDA:178,30,1,2
BRF:65
BRH:58
end_of_record
TN:
SF:src/utils/animations.ts
FNF:0
FNH:0
DA:9,9
DA:15,9
DA:21,9
DA:26,9
DA:34,9
DA:40,9
DA:46,9
DA:52,9
DA:58,9
DA:70,9
DA:76,9
LF:11
LH:11
BRF:0
BRH:0
end_of_record
TN:
SF:src/utils/cn.ts
FN:3,cn
FNF:1
FNH:1
FNDA:2418,cn
DA:4,2418
LF:1
LH:1
BRF:0
BRH:0
end_of_record
TN:
SF:src/utils/constants.ts
FNF:0
FNH:0
DA:1,5
DA:8,5
DA:15,5
LF:3
LH:3
BRF:0
BRH:0
end_of_record
TN:
SF:src/utils/formatCurrency.ts
FN:1,formatCurrency
FN:10,formatCompactCurrency
FNF:2
FNH:2
FNDA:535,formatCurrency
FNDA:58,formatCompactCurrency
DA:2,535
DA:11,58
DA:12,3
DA:19,55
LF:4
LH:4
BRDA:1,0,0,535
BRDA:10,1,0,58
BRDA:11,2,0,3
BRDA:11,2,1,55
BRF:4
BRH:4
end_of_record
TN:
SF:src/utils/formatDate.ts
FN:1,formatDate
FN:10,formatDateShort
FN:18,getToday
FN:22,getMonthStart
FN:27,getMonthEnd
FN:32,getMonthName
FNF:6
FNH:6
FNDA:29,formatDate
FNDA:27,formatDateShort
FNDA:14,getToday
FNDA:8,getMonthStart
FNDA:8,getMonthEnd
FNDA:15,getMonthName
DA:2,29
DA:3,29
DA:11,27
DA:12,27
DA:19,14
DA:23,8
DA:24,8
DA:28,8
DA:29,8
DA:33,15
DA:34,15
LF:11
LH:11
BRDA:19,0,0,14
BRDA:19,0,1,0
BRDA:24,1,0,8
BRDA:24,1,1,0
BRDA:29,2,0,8
BRDA:29,2,1,0
BRF:6
BRH:3
end_of_record
